[2017.01.16-03.02.51:312][  0]Log file open, 01/15/17 23:02:51
[2017.01.16-03.02.51:312][  0]LogInit:Display: Running engine for game: AIProject4_10
[2017.01.16-03.02.51:312][  0]LogPlatformFile: Not using cached read wrapper
[2017.01.16-03.02.51:312][  0]LogInit:Display: RandInit(473457796) SRandInit(473457797).
[2017.01.16-03.02.51:312][  0]LogTaskGraph: Started task graph with 4 named threads and 7 total threads.
[2017.01.16-03.02.51:312][  0]LogStats: Stats thread started at 0.067860
[2017.01.16-03.02.51:312][  0]LogInit: Version: 4.10.4-2872498+++depot+UE4-Releases+4.10
[2017.01.16-03.02.51:312][  0]LogInit: API Version: 2758231
[2017.01.16-03.02.51:312][  0]LogInit: Compiled (64-bit): Feb 18 2016 15:47:04
[2017.01.16-03.02.51:312][  0]LogInit: Compiled with Visual C++: 19.00.23026.00
[2017.01.16-03.02.51:312][  0]LogInit: Build Configuration: Development
[2017.01.16-03.02.51:312][  0]LogInit: Branch Name: ++depot+UE4-Releases+4.10
[2017.01.16-03.02.51:312][  0]LogInit: Command line:  
[2017.01.16-03.02.51:312][  0]LogInit: Base directory: C:/Program Files (x86)/Epic Games/4.10/Engine/Binaries/Win64/
[2017.01.16-03.02.51:312][  0]LogInit: Rocket: 1
[2017.01.16-03.02.51:319][  0]LogInit: Using libcurl 7.41.0
[2017.01.16-03.02.51:319][  0]LogInit:  - built for x86_64-pc-win32
[2017.01.16-03.02.51:319][  0]LogInit:  - supports SSL with WinSSL
[2017.01.16-03.02.51:319][  0]LogInit:  - other features:
[2017.01.16-03.02.51:319][  0]LogInit:      CURL_VERSION_SSL
[2017.01.16-03.02.51:319][  0]LogInit:      CURL_VERSION_IPV6
[2017.01.16-03.02.51:319][  0]LogInit:      CURL_VERSION_ASYNCHDNS
[2017.01.16-03.02.51:319][  0]LogInit:      CURL_VERSION_LARGEFILE
[2017.01.16-03.02.51:319][  0]LogInit:      CURL_VERSION_IDN
[2017.01.16-03.02.51:319][  0]LogInit:  CurlRequestOptions (configurable via config and command line):
[2017.01.16-03.02.51:319][  0]LogInit:  - bVerifyPeer = true  - Libcurl will verify peer certificate
[2017.01.16-03.02.51:319][  0]LogInit:  - bUseHttpProxy = false  - Libcurl will NOT use HTTP proxy
[2017.01.16-03.02.51:319][  0]LogInit:  - bDontReuseConnections = false  - Libcurl will reuse connections
[2017.01.16-03.02.51:319][  0]LogInit:  - CertBundlePath = nullptr  - Libcurl will use whatever was configured at build time.
[2017.01.16-03.02.51:327][  0]LogInit: Presizing for 0 objects not considered by GC, pre-allocating 0 bytes.
[2017.01.16-03.02.51:332][  0]LogInit: Object subsystem initialized
[2017.01.16-03.02.51:333][  0]LogInit: Selected Device Profile: [Windows]
[2017.01.16-03.02.51:333][  0]LogInit: Applying CVar settings loaded from the selected device profile: [Windows]
[2017.01.16-03.02.51:346][  0]LogInit: Computer: JAPPAMACHINE
[2017.01.16-03.02.51:346][  0]LogInit: User: Jappa
[2017.01.16-03.02.51:346][  0]LogInit: CPU Page size=4096, Cores=4
[2017.01.16-03.02.51:346][  0]LogInit: High frequency timer resolution =3.906246 MHz
[2017.01.16-03.02.51:346][  0]LogMemory: Memory total: Physical=7.9GB (8GB approx)
[2017.01.16-03.02.51:346][  0]LogMemory: Platform Memory Stats for Windows
[2017.01.16-03.02.51:346][  0]LogMemory: Process Physical Memory: 57.04 MB used, 57.04 MB peak
[2017.01.16-03.02.51:346][  0]LogMemory: Process Virtual Memory: 58.98 MB used, 58.98 MB peak
[2017.01.16-03.02.51:346][  0]LogMemory: Physical Memory: 6075.56 MB used, 8053.11 MB total
[2017.01.16-03.02.51:346][  0]LogMemory: Virtual Memory: 371.07 MB used, 134217728.00 MB total
[2017.01.16-03.02.51:373][  0]LogTextLocalizationManager: No specific translations for ('en-US') exist, so ('en') translations will be used.
[2017.01.16-03.02.51:712][  0]LogD3D11RHI: Found D3D11 adapter 0: NVIDIA GeForce GTX 750 Ti (Feature Level 11_0)
[2017.01.16-03.02.51:712][  0]LogD3D11RHI: Adapter has 2016MB of dedicated video memory, 0MB of dedicated system memory, and 4026MB of shared system memory, 2 output[s]
[2017.01.16-03.02.51:716][  0]LogD3D11RHI: Found D3D11 adapter 1: Intel(R) HD Graphics 4600 (Feature Level 11_0)
[2017.01.16-03.02.51:716][  0]LogD3D11RHI: Adapter has 112MB of dedicated video memory, 0MB of dedicated system memory, and 2048MB of shared system memory, 0 output[s]
[2017.01.16-03.02.51:718][  0]LogD3D11RHI: Found D3D11 adapter 2: Microsoft Basic Render Driver (Feature Level 11_0)
[2017.01.16-03.02.51:718][  0]LogD3D11RHI: Adapter has 0MB of dedicated video memory, 0MB of dedicated system memory, and 4026MB of shared system memory, 0 output[s]
[2017.01.16-03.02.51:718][  0]LogD3D11RHI: Chosen D3D11 Adapter Id = 0
[2017.01.16-03.02.51:722][  0]LogD3D11RHI: !Direct3DDevice
[2017.01.16-03.02.51:722][  0]LogRHI: Texture pool is 1361 MB (70% of 1945 MB)
[2017.01.16-03.02.51:734][  0]LogD3D11RHI: Async texture creation enabled
[2017.01.16-03.02.51:743][  0]LogShaderCompilers: Guid format shader working directory is -31 characters bigger than the processId version (../../../../../../Users/Jappa/Documents/GitHub/AiPrototype4.10/AIProject4_10/Intermediate/Shaders/WorkingDirectory/18308/).
[2017.01.16-03.02.51:743][  0]LogShaderCompilers: Cleaned the shader compiler working directory 'C:/Users/Jappa/AppData/Local/Temp/UnrealShaderWorkingDir/B6FA278C414111BA187A0BB03412A2BA/'.
[2017.01.16-03.02.51:743][  0]LogShaderCompilers:Display: Using Local Shader Compiler.
[2017.01.16-03.02.52:344][  0]LogTemp:Display: Loaded TP AllDesktopTargetPlatform
[2017.01.16-03.02.52:348][  0]LogTemp:Display: Loaded TP WindowsClientTargetPlatform
[2017.01.16-03.02.52:353][  0]LogTemp:Display: Loaded TP WindowsNoEditorTargetPlatform
[2017.01.16-03.02.52:357][  0]LogTemp:Display: Loaded TP WindowsServerTargetPlatform
[2017.01.16-03.02.52:360][  0]LogTemp:Display: Loaded TP WindowsTargetPlatform
[2017.01.16-03.02.52:363][  0]LogTemp:Display: Loaded TP AndroidTargetPlatform
[2017.01.16-03.02.52:365][  0]LogTemp:Display: Loaded TP Android_ASTCTargetPlatform
[2017.01.16-03.02.52:367][  0]LogTemp:Display: Loaded TP Android_ATCTargetPlatform
[2017.01.16-03.02.52:370][  0]LogTemp:Display: Loaded TP Android_DXTTargetPlatform
[2017.01.16-03.02.52:372][  0]LogTemp:Display: Loaded TP Android_ETC1TargetPlatform
[2017.01.16-03.02.52:375][  0]LogTemp:Display: Loaded TP Android_ETC2TargetPlatform
[2017.01.16-03.02.52:380][  0]LogTemp:Display: Loaded TP Android_MultiTargetPlatform
[2017.01.16-03.02.52:380][  0]LogTemp:Display: Loaded TP Android_PVRTCTargetPlatform
[2017.01.16-03.02.52:380][  0]LogTemp:Display: Loaded TP HTML5TargetPlatform
[2017.01.16-03.02.52:396][  0]LogTemp:Display: Loaded TP IOSTargetPlatform
[2017.01.16-03.02.52:398][  0]LogTemp:Display: Loaded TP LinuxNoEditorTargetPlatform
[2017.01.16-03.02.52:400][  0]LogTemp:Display: Loaded TP LinuxServerTargetPlatform
[2017.01.16-03.02.52:403][  0]LogTemp:Display: Loaded TP LinuxTargetPlatform
[2017.01.16-03.02.52:403][  0]LogTargetPlatformManager:Display: Building Assets For Windows
[2017.01.16-03.02.52:468][  0]LogDerivedDataCache:Display: Max Cache Size: 512 MB
[2017.01.16-03.02.52:502][  0]LogDerivedDataCache: Loaded boot cache 0.03s 41MB C:/Users/Jappa/AppData/Local/UnrealEngine/4.10/DerivedDataCache/Boot.ddc.
[2017.01.16-03.02.52:502][  0]LogDerivedDataCache:Display: Loaded Boot cache: C:/Users/Jappa/AppData/Local/UnrealEngine/4.10/DerivedDataCache/Boot.ddc
[2017.01.16-03.02.52:502][  0]LogDerivedDataCache: FDerivedDataBackendGraph:  Pak pak cache file ../../../../../../Users/Jappa/Documents/GitHub/AiPrototype4.10/AIProject4_10/DerivedDataCache/DDC.ddp not found, will not use a pak cache.
[2017.01.16-03.02.52:502][  0]LogDerivedDataCache: Unable to find inner node Pak for hierarchical cache Hierarchy.
[2017.01.16-03.02.52:502][  0]LogDerivedDataCache: FDerivedDataBackendGraph:  CompressedPak pak cache file ../../../../../../Users/Jappa/Documents/GitHub/AiPrototype4.10/AIProject4_10/DerivedDataCache/Compressed.ddp not found, will not use a pak cache.
[2017.01.16-03.02.52:502][  0]LogDerivedDataCache: Unable to find inner node CompressedPak for hierarchical cache Hierarchy.
[2017.01.16-03.02.52:547][  0]LogDerivedDataCache:Display: Pak cache opened for reading ../../../Engine/DerivedDataCache/Compressed.ddp.
[2017.01.16-03.02.52:559][  0]LogDerivedDataCache: Using Local data cache path C:/Users/Jappa/AppData/Local/UnrealEngine/Common/DerivedDataCache: Writable
[2017.01.16-03.02.52:691][  0]LogInit: Selected Device Profile: [Windows]
[2017.01.16-03.02.52:692][  0]LogContentStreaming: Texture pool size is 0.000000MB
[2017.01.16-03.02.52:781][  0]LogMeshUtilities: No automatic mesh reduction module available
[2017.01.16-03.02.52:781][  0]LogMeshUtilities: No automatic mesh merging module available
[2017.01.16-03.02.52:942][  0]LogInit: WinSock: version 1.1 (2.2), MaxSocks=32767, MaxUdp=65467
[2017.01.16-03.02.53:482][  0]UdpMessaging: Initializing bridge on interface 0.0.0.0:0 to multicast group 230.0.0.1:6666.
[2017.01.16-03.02.53:570][  0]LogAssetRegistry: FAssetRegistry took 0.0106 seconds to start up
[2017.01.16-03.02.53:701][  0]SourceControl: Info Source control is disabled
[2017.01.16-03.02.53:701][  0]SourceControl: Info Source control is disabled
[2017.01.16-03.02.53:710][  0]SourceControl: Info Source control is disabled
[2017.01.16-03.02.53:719][  0]SourceControl: Info Source control is disabled
[2017.01.16-03.02.53:902][  0]LogObj: 28633 objects as part of root set at end of initial load.
[2017.01.16-03.02.53:902][  0]LogUObjectAllocator: 6099744 out of 0 bytes used by permanent object pool.
[2017.01.16-03.02.53:945][  0]LogEngine: Initializing Engine...
[2017.01.16-03.02.53:947][  0]LogHMD: Can't find Oculus library dev build: is proper Runtime installed? Version: 0.8.0.0
[2017.01.16-03.02.53:952][  0]LogHMD: SteamVR failed to initialize.  Err: 108
[2017.01.16-03.02.54:032][  0]LogAIModule: Creating AISystem for world NewWorld
[2017.01.16-03.02.54:040][  0]LogInit: XAudio2 using 'Speakers (Yeti Stereo Microphone)' : 2 channels at 44.1 kHz using 16 bits per sample (channel mask 0x3)
[2017.01.16-03.02.54:049][  0]LogInit: FAudioDevice initialized.
[2017.01.16-03.02.54:068][  0]LogDerivedDataCache: Saved boot cache 0.02s 41MB C:/Users/Jappa/AppData/Local/UnrealEngine/4.10/DerivedDataCache/Boot.ddc.
[2017.01.16-03.02.54:070][  0]LogInit: Texture streaming: Enabled
[2017.01.16-03.02.54:074][  0]LogAnalytics: Creating configured Analytics provider AnalyticsET
[2017.01.16-03.02.54:074][  0]LogAnalytics: [UEEditor.Rocket.Release] APIServer = http://et2.epicgames.com/ET2/. AppVersion = 4.10.4-2872498+++depot+UE4-Releases+4.10
[2017.01.16-03.02.54:074][  0]LogAnalytics: [UEEditor.Rocket.Release] SetUserId 49a7f7e34660f286ad8e2c921bb99aca|35554f692dfd40ceae915f236b531199|3c7f4420-3815-4005-889a-878607e09a45
[2017.01.16-03.02.54:074][  0]LogAnalytics: [UEEditor.Rocket.Release] AnalyticsET::StartSession
[2017.01.16-03.02.54:085][  0]LogInit: Transaction tracking system initialized
[2017.01.16-03.02.54:105][  0]BlueprintLog: New page: Editor Load
[2017.01.16-03.02.54:173][  0]LocalizationService: Info Localization service is disabled
[2017.01.16-03.02.54:225][  0]LogLinker:Warning: Can't find file '/Game/PuzzleBP/PuzzleOverview'
[2017.01.16-03.02.54:225][  0]LogLinker:Warning: Can't find file '/Game/PuzzleBP/PuzzleOverview'
[2017.01.16-03.02.54:225][  0]LogUObjectGlobals:Warning: Failed to find object 'Class /Game/PuzzleBP/PuzzleOverview.PuzzleOverview_C'
[2017.01.16-03.02.54:235][  0]LogConsoleResponse:Display: 
[2017.01.16-03.02.54:332][  0]LogFileCache: Scanning file cache for directory 'C:/Users/Jappa/Documents/GitHub/AiPrototype4.10/AIProject4_10/Content/' took 0.01s
[2017.01.16-03.02.54:332][  0]LogCook:Display: Done creating registry. It took  0.00s.
[2017.01.16-03.02.54:376][  0]SourceControl: Info Source control is disabled
[2017.01.16-03.02.54:376][  0]Cmd: MAP LOAD FILE="../../../../../../Users/Jappa/Documents/GitHub/AiPrototype4.10/AIProject4_10/Content/ThirdPersonBP/Maps/ThirdPersonExampleMap.umap" TEMPLATE=0 SHOWPROGRESS=1 FEATURELEVEL=3
[2017.01.16-03.02.54:377][  0]LightingResults: New page: Lighting Build
[2017.01.16-03.02.54:380][  0]MapCheck: New page: Map Check
[2017.01.16-03.02.54:380][  0]LightingResults: New page: Lighting Build
[2017.01.16-03.02.54:388][  0]LogParticles: Destroying 0 GPU particle simulations for FXSystem 0x0000015F859CF420
[2017.01.16-03.02.55:233][  0]LogAIModule: Creating AISystem for world ThirdPersonExampleMap
[2017.01.16-03.02.55:270][  0]LogEditorServer: Finished looking for orphan Actors (0.000 secs)
[2017.01.16-03.02.55:274][  0]Cmd: MAP CHECKDEP NOCLEARLOG
[2017.01.16-03.02.55:317][  0]MapCheck: Info Map check complete: 0 Error(s), 0 Warning(s), took 42.089ms to complete.
[2017.01.16-03.02.55:317][  0]LogFileHelpers: Loading map 'ThirdPersonExampleMap' took 0.940
[2017.01.16-03.02.55:469][  0]LogCollectionManager: Loaded 0 collections in 0.001675 seconds
[2017.01.16-03.02.55:533][  0]LogFileCache: Scanning file cache for directory 'C:/Users/Jappa/Documents/GitHub/AiPrototype4.10/AIProject4_10/Saved/Collections/' took 0.01s
[2017.01.16-03.02.55:533][  0]LogFileCache: Scanning file cache for directory 'C:/Users/Jappa/Documents/GitHub/AiPrototype4.10/AIProject4_10/Content/Developers/Jappa/Collections/' took 0.01s
[2017.01.16-03.02.55:533][  0]LogFileCache: Scanning file cache for directory 'C:/Users/Jappa/Documents/GitHub/AiPrototype4.10/AIProject4_10/Content/Collections/' took 0.01s
[2017.01.16-03.02.55:533][  0]LogCollectionManager: Rebuilt the GUID cache for 0 collections in 0.000001 seconds
[2017.01.16-03.02.55:540][  0]LogContentBrowser: Native class hierarchy populated in 0.0058 seconds. Added 1893 classes and 338 folders.
[2017.01.16-03.02.55:552][  0]LogContentBrowser: Native class hierarchy updated for 'WidgetCarousel' in 0.0002 seconds. Added 0 classes and 0 folders.
[2017.01.16-03.02.55:650][  0]LogContentBrowser: Native class hierarchy updated for 'AddContentDialog' in 0.0002 seconds. Added 0 classes and 0 folders.
[2017.01.16-03.02.55:660][  0]LogContentBrowser: Native class hierarchy updated for 'SceneOutliner' in 0.0002 seconds. Added 1 classes and 2 folders.
[2017.01.16-03.02.55:787][  0]LogCrashTracker: Crashtracker disabled due to settings.
[2017.01.16-03.02.55:805][  0]LogUObjectGlobals:Warning: Failed to find object 'Class None.'
[2017.01.16-03.02.55:835][  0]LogLoad: Full Startup: 4.86 seconds (BP compile: 0.19 seconds)
[2017.01.16-03.02.55:844][  0]LogWindowsTextInputMethodSystem:Display: IME system now deactivated.
[2017.01.16-03.02.55:846][  0]LogOcInput: Can't find Oculus library dev build: is proper Runtime installed? Version: 0.8.0.0
[2017.01.16-03.02.55:926][  0]LogContentStreaming: Texture pool size now 1000 MB
[2017.01.16-03.02.56:064][  1]LogRenderer: Reallocating scene render targets to support 608x468 (Frame:2).
[2017.01.16-03.02.56:065][  1]LogCollectionManager: Rebuilt the object cache for 0 collections in 0.000001 seconds (found 0 objects)
[2017.01.16-03.02.56:258][  3]LogAssetRegistry: Asset discovery search completed in 2.6985 seconds
[2017.01.16-03.02.56:258][  3]LogCollectionManager: Fixed up redirectors for 0 collections in 0.000003 seconds (updated 0 objects)
[2017.01.16-03.04.19:831][817]LogRenderer: Reallocating scene render targets to support 824x468 (Frame:2478).
[2017.01.16-03.04.22:992][156]LogRenderer: Reallocating scene render targets to support 824x596 (Frame:2842).
[2017.01.16-03.08.55:478][878]LogAssetTools:Warning: Failed to import 'C:\Users\Jappa\Desktop\FirstPerson/Animations/FirstPersonFire_Montage.uasset'. Unknown extension 'uasset'.
[2017.01.16-03.08.55:486][878]LogAssetTools:Warning: Failed to import 'C:\Users\Jappa\Desktop\FirstPerson/Animations/FirstPerson_AnimBP.uasset'. Unknown extension 'uasset'.
[2017.01.16-03.08.55:493][878]LogAssetTools:Warning: Failed to import 'C:\Users\Jappa\Desktop\FirstPerson/Animations/FirstPerson_Fire.uasset'. Unknown extension 'uasset'.
[2017.01.16-03.08.55:501][878]LogAssetTools:Warning: Failed to import 'C:\Users\Jappa\Desktop\FirstPerson/Animations/FirstPerson_Idle.uasset'. Unknown extension 'uasset'.
[2017.01.16-03.08.55:509][878]LogAssetTools:Warning: Failed to import 'C:\Users\Jappa\Desktop\FirstPerson/Animations/FirstPerson_JumpEnd.uasset'. Unknown extension 'uasset'.
[2017.01.16-03.08.55:519][878]LogAssetTools:Warning: Failed to import 'C:\Users\Jappa\Desktop\FirstPerson/Animations/FirstPerson_JumpLoop.uasset'. Unknown extension 'uasset'.
[2017.01.16-03.08.55:528][878]LogAssetTools:Warning: Failed to import 'C:\Users\Jappa\Desktop\FirstPerson/Animations/FirstPerson_JumpStart.uasset'. Unknown extension 'uasset'.
[2017.01.16-03.08.55:538][878]LogAssetTools:Warning: Failed to import 'C:\Users\Jappa\Desktop\FirstPerson/Animations/FirstPerson_Run.uasset'. Unknown extension 'uasset'.
[2017.01.16-03.08.55:547][878]LogAssetTools:Warning: Failed to import 'C:\Users\Jappa\Desktop\FirstPerson/Audio/FirstPersonTemplateWeaponFire02.uasset'. Unknown extension 'uasset'.
[2017.01.16-03.08.55:559][878]LogAssetTools:Warning: Failed to import 'C:\Users\Jappa\Desktop\FirstPerson/Character/Materials/MaterialLayers/ML_GlossyBlack_Latex_UE4.uasset'. Unknown extension 'uasset'.
[2017.01.16-03.08.55:572][878]LogAssetTools:Warning: Failed to import 'C:\Users\Jappa\Desktop\FirstPerson/Character/Materials/MaterialLayers/ML_Plastic_Shiny_Beige.uasset'. Unknown extension 'uasset'.
[2017.01.16-03.08.55:583][878]LogAssetTools:Warning: Failed to import 'C:\Users\Jappa\Desktop\FirstPerson/Character/Materials/MaterialLayers/ML_Plastic_Shiny_Beige_LOGO.uasset'. Unknown extension 'uasset'.
[2017.01.16-03.08.55:597][878]LogAssetTools:Warning: Failed to import 'C:\Users\Jappa\Desktop\FirstPerson/Character/Materials/MaterialLayers/ML_SoftMetal_UE4.uasset'. Unknown extension 'uasset'.
[2017.01.16-03.08.55:610][878]LogAssetTools:Warning: Failed to import 'C:\Users\Jappa\Desktop\FirstPerson/Character/Materials/MaterialLayers/T_ML_Aluminum01.uasset'. Unknown extension 'uasset'.
[2017.01.16-03.08.55:625][878]LogAssetTools:Warning: Failed to import 'C:\Users\Jappa\Desktop\FirstPerson/Character/Materials/MaterialLayers/T_ML_Aluminum01_N.uasset'. Unknown extension 'uasset'.
[2017.01.16-03.08.55:640][878]LogAssetTools:Warning: Failed to import 'C:\Users\Jappa\Desktop\FirstPerson/Character/Materials/MaterialLayers/T_ML_Rubber_Blue_01_D.uasset'. Unknown extension 'uasset'.
[2017.01.16-03.08.55:656][878]LogAssetTools:Warning: Failed to import 'C:\Users\Jappa\Desktop\FirstPerson/Character/Materials/MaterialLayers/T_ML_Rubber_Blue_01_N.uasset'. Unknown extension 'uasset'.
[2017.01.16-03.08.55:670][878]LogAssetTools:Warning: Failed to import 'C:\Users\Jappa\Desktop\FirstPerson/Character/Materials/M_UE4Man_Body.uasset'. Unknown extension 'uasset'.
[2017.01.16-03.08.55:687][878]LogAssetTools:Warning: Failed to import 'C:\Users\Jappa\Desktop\FirstPerson/Character/Mesh/SK_Mannequin_Arms.uasset'. Unknown extension 'uasset'.
[2017.01.16-03.08.55:708][878]LogAssetTools:Warning: Failed to import 'C:\Users\Jappa\Desktop\FirstPerson/Character/Mesh/SK_Mannequin_Arms_PhysicsAsset.uasset'. Unknown extension 'uasset'.
[2017.01.16-03.08.55:727][878]LogAssetTools:Warning: Failed to import 'C:\Users\Jappa\Desktop\FirstPerson/Character/Mesh/SK_Mannequin_Arms_Skeleton.uasset'. Unknown extension 'uasset'.
[2017.01.16-03.08.55:754][878]LogAssetTools:Warning: Failed to import 'C:\Users\Jappa\Desktop\FirstPerson/Character/Textures/UE4_LOGO_CARD.uasset'. Unknown extension 'uasset'.
[2017.01.16-03.08.55:778][878]LogAssetTools:Warning: Failed to import 'C:\Users\Jappa\Desktop\FirstPerson/Character/Textures/UE4_Mannequin_MAT_MASKA.uasset'. Unknown extension 'uasset'.
[2017.01.16-03.08.55:804][878]LogAssetTools:Warning: Failed to import 'C:\Users\Jappa\Desktop\FirstPerson/Character/Textures/UE4_Mannequin__normals.uasset'. Unknown extension 'uasset'.
[2017.01.16-03.08.55:832][878]LogAssetTools:Warning: Failed to import 'C:\Users\Jappa\Desktop\FirstPerson/FPWeapon/Materials/MaterialLayers/ML_GlossyBlack_Latex_UE4.uasset'. Unknown extension 'uasset'.
[2017.01.16-03.08.55:867][878]LogAssetTools:Warning: Failed to import 'C:\Users\Jappa\Desktop\FirstPerson/FPWeapon/Materials/MaterialLayers/ML_Plastic_Shiny_Beige.uasset'. Unknown extension 'uasset'.
[2017.01.16-03.08.55:902][878]LogAssetTools:Warning: Failed to import 'C:\Users\Jappa\Desktop\FirstPerson/FPWeapon/Materials/MaterialLayers/ML_Plastic_Shiny_Beige_LOGO.uasset'. Unknown extension 'uasset'.
[2017.01.16-03.08.55:931][878]LogAssetTools:Warning: Failed to import 'C:\Users\Jappa\Desktop\FirstPerson/FPWeapon/Materials/MaterialLayers/ML_Screen.uasset'. Unknown extension 'uasset'.
[2017.01.16-03.08.55:961][878]LogAssetTools:Warning: Failed to import 'C:\Users\Jappa\Desktop\FirstPerson/FPWeapon/Materials/MaterialLayers/ML_SoftMetal_UE4.uasset'. Unknown extension 'uasset'.
[2017.01.16-03.08.55:993][878]LogAssetTools:Warning: Failed to import 'C:\Users\Jappa\Desktop\FirstPerson/FPWeapon/Materials/MaterialLayers/T_ML_Aluminum01.uasset'. Unknown extension 'uasset'.
[2017.01.16-03.08.56:027][878]LogAssetTools:Warning: Failed to import 'C:\Users\Jappa\Desktop\FirstPerson/FPWeapon/Materials/MaterialLayers/T_ML_Aluminum01_N.uasset'. Unknown extension 'uasset'.
[2017.01.16-03.08.56:059][878]LogAssetTools:Warning: Failed to import 'C:\Users\Jappa\Desktop\FirstPerson/FPWeapon/Materials/MaterialLayers/T_ML_FineRubber.uasset'. Unknown extension 'uasset'.
[2017.01.16-03.08.56:089][878]LogAssetTools:Warning: Failed to import 'C:\Users\Jappa\Desktop\FirstPerson/FPWeapon/Materials/MaterialLayers/T_ML_Rubber_Blue_01_D.uasset'. Unknown extension 'uasset'.
[2017.01.16-03.08.56:116][878]LogAssetTools:Warning: Failed to import 'C:\Users\Jappa\Desktop\FirstPerson/FPWeapon/Materials/MaterialLayers/T_ML_Rubber_Blue_01_N.uasset'. Unknown extension 'uasset'.
[2017.01.16-03.08.56:145][878]LogAssetTools:Warning: Failed to import 'C:\Users\Jappa\Desktop\FirstPerson/FPWeapon/Materials/M_FPGun.uasset'. Unknown extension 'uasset'.
[2017.01.16-03.08.56:174][878]LogAssetTools:Warning: Failed to import 'C:\Users\Jappa\Desktop\FirstPerson/FPWeapon/Mesh/SK_FPGun.uasset'. Unknown extension 'uasset'.
[2017.01.16-03.08.56:200][878]LogAssetTools:Warning: Failed to import 'C:\Users\Jappa\Desktop\FirstPerson/FPWeapon/Mesh/SK_FPGun_PhysicsAsset.uasset'. Unknown extension 'uasset'.
[2017.01.16-03.08.56:226][878]LogAssetTools:Warning: Failed to import 'C:\Users\Jappa\Desktop\FirstPerson/FPWeapon/Mesh/SK_FPGun_Skeleton.uasset'. Unknown extension 'uasset'.
[2017.01.16-03.08.56:254][878]LogAssetTools:Warning: Failed to import 'C:\Users\Jappa\Desktop\FirstPerson/FPWeapon/Textures/T_FPGun_M.uasset'. Unknown extension 'uasset'.
[2017.01.16-03.08.56:281][878]LogAssetTools:Warning: Failed to import 'C:\Users\Jappa\Desktop\FirstPerson/FPWeapon/Textures/T_FPGun_N.uasset'. Unknown extension 'uasset'.
[2017.01.16-03.08.56:306][878]LogAssetTools:Warning: Failed to import 'C:\Users\Jappa\Desktop\FirstPerson/Meshes/BaseMaterial.uasset'. Unknown extension 'uasset'.
[2017.01.16-03.08.56:336][878]LogAssetTools:Warning: Failed to import 'C:\Users\Jappa\Desktop\FirstPerson/Meshes/CubeMaterialOverride.uasset'. Unknown extension 'uasset'.
[2017.01.16-03.08.56:364][878]LogAssetTools:Warning: Failed to import 'C:\Users\Jappa\Desktop\FirstPerson/Meshes/FirstPersonProjectileMaterial.uasset'. Unknown extension 'uasset'.
[2017.01.16-03.08.56:394][878]LogAssetTools:Warning: Failed to import 'C:\Users\Jappa\Desktop\FirstPerson/Meshes/FirstPersonProjectileMesh.uasset'. Unknown extension 'uasset'.
[2017.01.16-03.08.56:424][878]LogAssetTools:Warning: Failed to import 'C:\Users\Jappa\Desktop\FirstPerson/Textures/FirstPersonCrosshair.uasset'. Unknown extension 'uasset'.
[2017.01.16-03.08.56:451][878]LogAssetTools:Warning: Failed to import 'C:\Users\Jappa\Desktop\FirstPersonBP/Blueprints/FirstPersonCharacter.uasset'. Unknown extension 'uasset'.
[2017.01.16-03.08.56:481][878]LogAssetTools:Warning: Failed to import 'C:\Users\Jappa\Desktop\FirstPersonBP/Blueprints/FirstPersonGameMode.uasset'. Unknown extension 'uasset'.
[2017.01.16-03.08.56:515][878]LogAssetTools:Warning: Failed to import 'C:\Users\Jappa\Desktop\FirstPersonBP/Blueprints/FirstPersonHUD.uasset'. Unknown extension 'uasset'.
[2017.01.16-03.08.56:545][878]LogAssetTools:Warning: Failed to import 'C:\Users\Jappa\Desktop\FirstPersonBP/Blueprints/FirstPersonProjectile.uasset'. Unknown extension 'uasset'.
[2017.01.16-03.08.56:578][878]LogAssetTools:Warning: Failed to import 'C:\Users\Jappa\Desktop\FirstPersonBP/FirstPersonOverview.uasset'. Unknown extension 'uasset'.
[2017.01.16-03.08.56:609][878]LogAssetTools:Warning: Failed to import 'C:\Users\Jappa\Desktop\FirstPersonBP/Maps/FirstPersonExampleMap.umap'. Unknown extension 'umap'.
[2017.01.16-03.15.35:560][ 90]LogActorComponent: UnregisterComponent: (/Engine/Transient.CharMoveComp) Not registered. Aborting.
[2017.01.16-03.15.35:560][ 90]LogActorComponent: UnregisterComponent: (/Engine/Transient.CharacterMovementComponent_0) Not registered. Aborting.
[2017.01.16-03.15.35:560][ 90]LogActorComponent: UnregisterComponent: (/Engine/Transient.CharacterMovementComponent_1) Not registered. Aborting.
[2017.01.16-03.15.35:561][ 90]LogActorComponent: UnregisterComponent: (/Engine/Transient.AIPerceptionStimuliSource_GEN_VARIABLE) Not registered. Aborting.
[2017.01.16-03.20.06:984][180]LogAssetTools:Warning: Failed to import 'C:\Users\Jappa\Documents\Unreal Projects\FPS\Content\FirstPerson/Animations/FirstPersonFire_Montage.uasset'. Unknown extension 'uasset'.
[2017.01.16-03.20.06:991][180]LogAssetTools:Warning: Failed to import 'C:\Users\Jappa\Documents\Unreal Projects\FPS\Content\FirstPerson/Animations/FirstPerson_AnimBP.uasset'. Unknown extension 'uasset'.
[2017.01.16-03.20.06:997][180]LogAssetTools:Warning: Failed to import 'C:\Users\Jappa\Documents\Unreal Projects\FPS\Content\FirstPerson/Animations/FirstPerson_Fire.uasset'. Unknown extension 'uasset'.
[2017.01.16-03.20.07:005][180]LogAssetTools:Warning: Failed to import 'C:\Users\Jappa\Documents\Unreal Projects\FPS\Content\FirstPerson/Animations/FirstPerson_Idle.uasset'. Unknown extension 'uasset'.
[2017.01.16-03.20.07:013][180]LogAssetTools:Warning: Failed to import 'C:\Users\Jappa\Documents\Unreal Projects\FPS\Content\FirstPerson/Animations/FirstPerson_JumpEnd.uasset'. Unknown extension 'uasset'.
[2017.01.16-03.20.07:021][180]LogAssetTools:Warning: Failed to import 'C:\Users\Jappa\Documents\Unreal Projects\FPS\Content\FirstPerson/Animations/FirstPerson_JumpLoop.uasset'. Unknown extension 'uasset'.
[2017.01.16-03.20.07:029][180]LogAssetTools:Warning: Failed to import 'C:\Users\Jappa\Documents\Unreal Projects\FPS\Content\FirstPerson/Animations/FirstPerson_JumpStart.uasset'. Unknown extension 'uasset'.
[2017.01.16-03.20.07:037][180]LogAssetTools:Warning: Failed to import 'C:\Users\Jappa\Documents\Unreal Projects\FPS\Content\FirstPerson/Animations/FirstPerson_Run.uasset'. Unknown extension 'uasset'.
[2017.01.16-03.20.07:046][180]LogAssetTools:Warning: Failed to import 'C:\Users\Jappa\Documents\Unreal Projects\FPS\Content\FirstPerson/Audio/FirstPersonTemplateWeaponFire02.uasset'. Unknown extension 'uasset'.
[2017.01.16-03.20.07:057][180]LogAssetTools:Warning: Failed to import 'C:\Users\Jappa\Documents\Unreal Projects\FPS\Content\FirstPerson/Character/Materials/MaterialLayers/ML_GlossyBlack_Latex_UE4.uasset'. Unknown extension 'uasset'.
[2017.01.16-03.20.07:066][180]LogAssetTools:Warning: Failed to import 'C:\Users\Jappa\Documents\Unreal Projects\FPS\Content\FirstPerson/Character/Materials/MaterialLayers/ML_Plastic_Shiny_Beige.uasset'. Unknown extension 'uasset'.
[2017.01.16-03.20.07:077][180]LogAssetTools:Warning: Failed to import 'C:\Users\Jappa\Documents\Unreal Projects\FPS\Content\FirstPerson/Character/Materials/MaterialLayers/ML_Plastic_Shiny_Beige_LOGO.uasset'. Unknown extension 'uasset'.
[2017.01.16-03.20.07:088][180]LogAssetTools:Warning: Failed to import 'C:\Users\Jappa\Documents\Unreal Projects\FPS\Content\FirstPerson/Character/Materials/MaterialLayers/ML_SoftMetal_UE4.uasset'. Unknown extension 'uasset'.
[2017.01.16-03.20.07:099][180]LogAssetTools:Warning: Failed to import 'C:\Users\Jappa\Documents\Unreal Projects\FPS\Content\FirstPerson/Character/Materials/MaterialLayers/T_ML_Aluminum01.uasset'. Unknown extension 'uasset'.
[2017.01.16-03.20.07:113][180]LogAssetTools:Warning: Failed to import 'C:\Users\Jappa\Documents\Unreal Projects\FPS\Content\FirstPerson/Character/Materials/MaterialLayers/T_ML_Aluminum01_N.uasset'. Unknown extension 'uasset'.
[2017.01.16-03.20.07:127][180]LogAssetTools:Warning: Failed to import 'C:\Users\Jappa\Documents\Unreal Projects\FPS\Content\FirstPerson/Character/Materials/MaterialLayers/T_ML_Rubber_Blue_01_D.uasset'. Unknown extension 'uasset'.
[2017.01.16-03.20.07:140][180]LogAssetTools:Warning: Failed to import 'C:\Users\Jappa\Documents\Unreal Projects\FPS\Content\FirstPerson/Character/Materials/MaterialLayers/T_ML_Rubber_Blue_01_N.uasset'. Unknown extension 'uasset'.
[2017.01.16-03.20.07:153][180]LogAssetTools:Warning: Failed to import 'C:\Users\Jappa\Documents\Unreal Projects\FPS\Content\FirstPerson/Character/Materials/M_UE4Man_Body.uasset'. Unknown extension 'uasset'.
[2017.01.16-03.20.07:168][180]LogAssetTools:Warning: Failed to import 'C:\Users\Jappa\Documents\Unreal Projects\FPS\Content\FirstPerson/Character/Mesh/SK_Mannequin_Arms.uasset'. Unknown extension 'uasset'.
[2017.01.16-03.20.07:183][180]LogAssetTools:Warning: Failed to import 'C:\Users\Jappa\Documents\Unreal Projects\FPS\Content\FirstPerson/Character/Mesh/SK_Mannequin_Arms_PhysicsAsset.uasset'. Unknown extension 'uasset'.
[2017.01.16-03.20.07:200][180]LogAssetTools:Warning: Failed to import 'C:\Users\Jappa\Documents\Unreal Projects\FPS\Content\FirstPerson/Character/Mesh/SK_Mannequin_Arms_Skeleton.uasset'. Unknown extension 'uasset'.
[2017.01.16-03.20.07:219][180]LogAssetTools:Warning: Failed to import 'C:\Users\Jappa\Documents\Unreal Projects\FPS\Content\FirstPerson/Character/Textures/UE4_LOGO_CARD.uasset'. Unknown extension 'uasset'.
[2017.01.16-03.20.07:248][180]LogAssetTools:Warning: Failed to import 'C:\Users\Jappa\Documents\Unreal Projects\FPS\Content\FirstPerson/Character/Textures/UE4_Mannequin_MAT_MASKA.uasset'. Unknown extension 'uasset'.
[2017.01.16-03.20.07:273][180]LogAssetTools:Warning: Failed to import 'C:\Users\Jappa\Documents\Unreal Projects\FPS\Content\FirstPerson/Character/Textures/UE4_Mannequin__normals.uasset'. Unknown extension 'uasset'.
[2017.01.16-03.20.07:307][180]LogAssetTools:Warning: Failed to import 'C:\Users\Jappa\Documents\Unreal Projects\FPS\Content\FirstPerson/FPWeapon/Materials/MaterialLayers/ML_GlossyBlack_Latex_UE4.uasset'. Unknown extension 'uasset'.
[2017.01.16-03.20.07:340][180]LogAssetTools:Warning: Failed to import 'C:\Users\Jappa\Documents\Unreal Projects\FPS\Content\FirstPerson/FPWeapon/Materials/MaterialLayers/ML_Plastic_Shiny_Beige.uasset'. Unknown extension 'uasset'.
[2017.01.16-03.20.07:375][180]LogAssetTools:Warning: Failed to import 'C:\Users\Jappa\Documents\Unreal Projects\FPS\Content\FirstPerson/FPWeapon/Materials/MaterialLayers/ML_Plastic_Shiny_Beige_LOGO.uasset'. Unknown extension 'uasset'.
[2017.01.16-03.20.07:408][180]LogAssetTools:Warning: Failed to import 'C:\Users\Jappa\Documents\Unreal Projects\FPS\Content\FirstPerson/FPWeapon/Materials/MaterialLayers/ML_Screen.uasset'. Unknown extension 'uasset'.
[2017.01.16-03.20.07:444][180]LogAssetTools:Warning: Failed to import 'C:\Users\Jappa\Documents\Unreal Projects\FPS\Content\FirstPerson/FPWeapon/Materials/MaterialLayers/ML_SoftMetal_UE4.uasset'. Unknown extension 'uasset'.
[2017.01.16-03.20.07:488][180]LogAssetTools:Warning: Failed to import 'C:\Users\Jappa\Documents\Unreal Projects\FPS\Content\FirstPerson/FPWeapon/Materials/MaterialLayers/T_ML_Aluminum01.uasset'. Unknown extension 'uasset'.
[2017.01.16-03.20.07:521][180]LogAssetTools:Warning: Failed to import 'C:\Users\Jappa\Documents\Unreal Projects\FPS\Content\FirstPerson/FPWeapon/Materials/MaterialLayers/T_ML_Aluminum01_N.uasset'. Unknown extension 'uasset'.
[2017.01.16-03.20.07:556][180]LogAssetTools:Warning: Failed to import 'C:\Users\Jappa\Documents\Unreal Projects\FPS\Content\FirstPerson/FPWeapon/Materials/MaterialLayers/T_ML_FineRubber.uasset'. Unknown extension 'uasset'.
[2017.01.16-03.20.07:589][180]LogAssetTools:Warning: Failed to import 'C:\Users\Jappa\Documents\Unreal Projects\FPS\Content\FirstPerson/FPWeapon/Materials/MaterialLayers/T_ML_Rubber_Blue_01_D.uasset'. Unknown extension 'uasset'.
[2017.01.16-03.20.07:621][180]LogAssetTools:Warning: Failed to import 'C:\Users\Jappa\Documents\Unreal Projects\FPS\Content\FirstPerson/FPWeapon/Materials/MaterialLayers/T_ML_Rubber_Blue_01_N.uasset'. Unknown extension 'uasset'.
[2017.01.16-03.20.07:648][180]LogAssetTools:Warning: Failed to import 'C:\Users\Jappa\Documents\Unreal Projects\FPS\Content\FirstPerson/FPWeapon/Materials/M_FPGun.uasset'. Unknown extension 'uasset'.
[2017.01.16-03.20.07:678][180]LogAssetTools:Warning: Failed to import 'C:\Users\Jappa\Documents\Unreal Projects\FPS\Content\FirstPerson/FPWeapon/Mesh/SK_FPGun.uasset'. Unknown extension 'uasset'.
[2017.01.16-03.20.07:704][180]LogAssetTools:Warning: Failed to import 'C:\Users\Jappa\Documents\Unreal Projects\FPS\Content\FirstPerson/FPWeapon/Mesh/SK_FPGun_PhysicsAsset.uasset'. Unknown extension 'uasset'.
[2017.01.16-03.20.07:733][180]LogAssetTools:Warning: Failed to import 'C:\Users\Jappa\Documents\Unreal Projects\FPS\Content\FirstPerson/FPWeapon/Mesh/SK_FPGun_Skeleton.uasset'. Unknown extension 'uasset'.
[2017.01.16-03.20.07:760][180]LogAssetTools:Warning: Failed to import 'C:\Users\Jappa\Documents\Unreal Projects\FPS\Content\FirstPerson/FPWeapon/Textures/T_FPGun_M.uasset'. Unknown extension 'uasset'.
[2017.01.16-03.20.07:785][180]LogAssetTools:Warning: Failed to import 'C:\Users\Jappa\Documents\Unreal Projects\FPS\Content\FirstPerson/FPWeapon/Textures/T_FPGun_N.uasset'. Unknown extension 'uasset'.
[2017.01.16-03.20.07:814][180]LogAssetTools:Warning: Failed to import 'C:\Users\Jappa\Documents\Unreal Projects\FPS\Content\FirstPerson/Meshes/BaseMaterial.uasset'. Unknown extension 'uasset'.
[2017.01.16-03.20.07:841][180]LogAssetTools:Warning: Failed to import 'C:\Users\Jappa\Documents\Unreal Projects\FPS\Content\FirstPerson/Meshes/CubeMaterialOverride.uasset'. Unknown extension 'uasset'.
[2017.01.16-03.20.07:868][180]LogAssetTools:Warning: Failed to import 'C:\Users\Jappa\Documents\Unreal Projects\FPS\Content\FirstPerson/Meshes/FirstPersonProjectileMaterial.uasset'. Unknown extension 'uasset'.
[2017.01.16-03.20.07:895][180]LogAssetTools:Warning: Failed to import 'C:\Users\Jappa\Documents\Unreal Projects\FPS\Content\FirstPerson/Meshes/FirstPersonProjectileMesh.uasset'. Unknown extension 'uasset'.
[2017.01.16-03.20.07:926][180]LogAssetTools:Warning: Failed to import 'C:\Users\Jappa\Documents\Unreal Projects\FPS\Content\FirstPerson/Textures/FirstPersonCrosshair.uasset'. Unknown extension 'uasset'.
[2017.01.16-03.23.12:956][721]LogActorComponent: UnregisterComponent: (/Engine/Transient.CharMoveComp) Not registered. Aborting.
[2017.01.16-03.23.12:956][721]LogActorComponent: UnregisterComponent: (/Engine/Transient.AIPerceptionStimuliSource_GEN_VARIABLE) Not registered. Aborting.
[2017.01.16-03.23.12:956][721]LogActorComponent: UnregisterComponent: (/Engine/Transient.CharacterMovementComponent_2) Not registered. Aborting.
[2017.01.16-03.23.12:956][721]LogActorComponent: UnregisterComponent: (/Engine/Transient.CharacterMovementComponent_3) Not registered. Aborting.
[2017.01.16-03.23.14:200][861]LogWindowsTextInputMethodSystem:Display: IME system now deactivated.
[2017.01.16-03.23.14:389][862]Cmd: QUIT_EDITOR
[2017.01.16-03.23.14:493][862]LogExit: Preparing to exit.
[2017.01.16-03.23.15:020][862]LogExit: Editor shut down
[2017.01.16-03.23.15:021][862]LogExit: Transaction tracking system shut down
[2017.01.16-03.23.15:023][862]LogParticles: Destroying 0 GPU particle simulations for FXSystem 0x0000015FF830D940
[2017.01.16-03.23.15:023][862]LogParticles: Destroying 0 GPU particle simulations for FXSystem 0x0000015FF830D6C0
[2017.01.16-03.23.15:023][862]LogParticles: Destroying 0 GPU particle simulations for FXSystem 0x0000015FF830D800
[2017.01.16-03.23.15:023][862]LogParticles: Destroying 0 GPU particle simulations for FXSystem 0x0000015FFCF6F600
[2017.01.16-03.23.15:023][862]LogParticles: Destroying 0 GPU particle simulations for FXSystem 0x0000015F95D0D080
[2017.01.16-03.23.15:026][862]LogParticles: Destroying 0 GPU particle simulations for FXSystem 0x0000015F8D6F23E0
[2017.01.16-03.23.15:151][862]LogParticles: Destroying 0 GPU particle simulations for FXSystem 0x0000015F95D0DBC0
[2017.01.16-03.23.15:151][862]LogParticles: Destroying 0 GPU particle simulations for FXSystem 0x0000015F95843880
[2017.01.16-03.23.15:151][862]LogParticles: Destroying 0 GPU particle simulations for FXSystem 0x0000015F9574AAC0
[2017.01.16-03.23.15:151][862]LogExit: Object subsystem successfully closed.
[2017.01.16-03.23.15:170][862]LogD3D11RHI: Shutdown
[2017.01.16-03.23.15:170][862]LogD3D11RHI: CleanupD3DDevice
[2017.01.16-03.23.15:239][862]LogD3D11RHI: ~FD3D11DynamicRHI
[2017.01.16-03.23.15:253][862]LogModuleManager: Shutting down and abandoning module CrashTracker (198)
[2017.01.16-03.23.15:253][862]LogModuleManager: Shutting down and abandoning module SceneOutliner (197)
[2017.01.16-03.23.15:253][862]LogModuleManager: Shutting down and abandoning module SuperSearch (196)
[2017.01.16-03.23.15:253][862]LogModuleManager: Shutting down and abandoning module WidgetCarousel (195)
[2017.01.16-03.23.15:253][862]LogModuleManager: Shutting down and abandoning module AddContentDialog (194)
[2017.01.16-03.23.15:259][862]LogModuleManager: Shutting down and abandoning module EditorWidgets (193)
[2017.01.16-03.23.15:259][862]LogModuleManager: Shutting down and abandoning module CollectionManager (192)
[2017.01.16-03.23.15:259][862]LogModuleManager: Shutting down and abandoning module StatsViewer (191)
[2017.01.16-03.23.15:259][862]LogModuleManager: Shutting down and abandoning module FoliageEdit (190)
[2017.01.16-03.23.15:259][862]LogModuleManager: Shutting down and abandoning module LandscapeEditor (189)
[2017.01.16-03.23.15:260][862]LogModuleManager: Shutting down and abandoning module ActorPickerMode (188)
[2017.01.16-03.23.15:260][862]LogModuleManager: Shutting down and abandoning module GeometryMode (187)
[2017.01.16-03.23.15:260][862]LogModuleManager: Shutting down and abandoning module TextureAlignMode (186)
[2017.01.16-03.23.15:260][862]LogModuleManager: Shutting down and abandoning module BspMode (185)
[2017.01.16-03.23.15:260][862]LogModuleManager: Shutting down and abandoning module PlacementMode (184)
[2017.01.16-03.23.15:260][862]LogModuleManager: Shutting down and abandoning module AutomationWorker (183)
[2017.01.16-03.23.15:260][862]LogModuleManager: Shutting down and abandoning module CharacterAI (182)
[2017.01.16-03.23.15:260][862]LogModuleManager: Shutting down and abandoning module SmartSnapping (181)
[2017.01.16-03.23.15:260][862]LogModuleManager: Shutting down and abandoning module ViewportSnapping (180)
[2017.01.16-03.23.15:260][862]LogModuleManager: Shutting down and abandoning module LogVisualizer (179)
[2017.01.16-03.23.15:260][862]LogModuleManager: Shutting down and abandoning module GameProjectGeneration (178)
[2017.01.16-03.23.15:260][862]LogModuleManager: Shutting down and abandoning module IntroTutorials (177)
[2017.01.16-03.23.15:260][862]LogModuleManager: Shutting down and abandoning module EditorLiveStreaming (176)
[2017.01.16-03.23.15:260][862]LogModuleManager: Shutting down and abandoning module IOSPlatformEditor (175)
[2017.01.16-03.23.15:260][862]LogModuleManager: Shutting down and abandoning module HTML5PlatformEditor (174)
[2017.01.16-03.23.15:260][862]LogModuleManager: Shutting down and abandoning module AndroidDeviceDetection (173)
[2017.01.16-03.23.15:647][862]LogModuleManager: Shutting down and abandoning module AndroidPlatformEditor (172)
[2017.01.16-03.23.15:648][862]LogModuleManager: Shutting down and abandoning module IOSRuntimeSettings (171)
[2017.01.16-03.23.15:648][862]LogModuleManager: Shutting down and abandoning module AndroidRuntimeSettings (170)
[2017.01.16-03.23.15:648][862]LogModuleManager: Shutting down and abandoning module MergeActors (169)
[2017.01.16-03.23.15:648][862]LogModuleManager: Shutting down and abandoning module SizeMap (168)
[2017.01.16-03.23.15:648][862]LogModuleManager: Shutting down and abandoning module TreeMap (167)
[2017.01.16-03.23.15:648][862]LogModuleManager: Shutting down and abandoning module ReferenceViewer (166)
[2017.01.16-03.23.15:648][862]LogModuleManager: Shutting down and abandoning module LocalizationService (165)
[2017.01.16-03.23.15:648][862]LogModuleManager: Shutting down and abandoning module LocalizationDashboard (164)
[2017.01.16-03.23.15:648][862]LogModuleManager: Shutting down and abandoning module HardwareTargeting (163)
[2017.01.16-03.23.15:648][862]LogModuleManager: Shutting down and abandoning module DeviceProfileEditor (162)
[2017.01.16-03.23.15:648][862]LogModuleManager: Shutting down and abandoning module UndoHistory (161)
[2017.01.16-03.23.15:648][862]LogModuleManager: Shutting down and abandoning module GameplayTagsEditor (160)
[2017.01.16-03.23.15:648][862]LogModuleManager: Shutting down and abandoning module UserFeedback (159)
[2017.01.16-03.23.15:648][862]LogModuleManager: Shutting down and abandoning module XmlParser (158)
[2017.01.16-03.23.15:648][862]LogModuleManager: Shutting down and abandoning module Blutility (157)
[2017.01.16-03.23.15:648][862]LogModuleManager: Shutting down and abandoning module ProjectTargetPlatformEditor (156)
[2017.01.16-03.23.15:648][862]LogModuleManager: Shutting down and abandoning module ProjectSettingsViewer (155)
[2017.01.16-03.23.15:648][862]LogModuleManager: Shutting down and abandoning module InputBindingEditor (154)
[2017.01.16-03.23.15:648][862]LogModuleManager: Shutting down and abandoning module EditorSettingsViewer (153)
[2017.01.16-03.23.15:648][862]LogModuleManager: Shutting down and abandoning module SettingsEditor (152)
[2017.01.16-03.23.15:648][862]LogModuleManager: Shutting down and abandoning module ProjectLauncher (151)
[2017.01.16-03.23.15:648][862]LogModuleManager: Shutting down and abandoning module SessionFrontend (150)
[2017.01.16-03.23.15:648][862]LogModuleManager: Shutting down and abandoning module ProfilerClient (149)
[2017.01.16-03.23.15:648][862]LogModuleManager: Shutting down and abandoning module TargetDeviceServices (148)
[2017.01.16-03.23.15:648][862]LogModuleManager: Shutting down and abandoning module DeviceManager (147)
[2017.01.16-03.23.15:649][862]LogModuleManager: Shutting down and abandoning module AutomationController (146)
[2017.01.16-03.23.15:649][862]LogModuleManager: Shutting down and abandoning module AutomationWindow (145)
[2017.01.16-03.23.15:649][862]LogModuleManager: Shutting down and abandoning module Layers (144)
[2017.01.16-03.23.15:649][862]LogModuleManager: Shutting down and abandoning module ComponentVisualizers (143)
[2017.01.16-03.23.15:649][862]LogModuleManager: Shutting down and abandoning module DetailCustomizations (142)
[2017.01.16-03.23.15:649][862]LogModuleManager: Shutting down and abandoning module PackagesDialog (141)
[2017.01.16-03.23.15:649][862]LogModuleManager: Shutting down and abandoning module Persona (140)
[2017.01.16-03.23.15:649][862]LogModuleManager: Shutting down and abandoning module Kismet (139)
[2017.01.16-03.23.15:649][862]LogModuleManager: Shutting down and abandoning module GraphEditor (138)
[2017.01.16-03.23.15:649][862]LogModuleManager: Shutting down and abandoning module ClassViewer (137)
[2017.01.16-03.23.15:649][862]LogModuleManager: Shutting down and abandoning module Toolbox (136)
[2017.01.16-03.23.15:649][862]LogModuleManager: Shutting down and abandoning module ModuleUI (135)
[2017.01.16-03.23.15:649][862]LogModuleManager: Shutting down and abandoning module MovieSceneTools (134)
[2017.01.16-03.23.15:649][862]LogModuleManager: Shutting down and abandoning module OutputLog (133)
[2017.01.16-03.23.15:649][862]LogModuleManager: Shutting down and abandoning module GammaUI (132)
[2017.01.16-03.23.15:649][862]LogModuleManager: Shutting down and abandoning module Documentation (131)
[2017.01.16-03.23.15:649][862]LogModuleManager: Shutting down and abandoning module GameLiveStreaming (130)
[2017.01.16-03.23.15:649][862]LogModuleManager: Shutting down and abandoning module StreamingPauseRendering (129)
[2017.01.16-03.23.15:649][862]LogModuleManager: Shutting down and abandoning module AnalyticsET (128)
[2017.01.16-03.23.15:649][862]LogModuleManager: Shutting down and abandoning module Analytics (127)
[2017.01.16-03.23.15:649][862]LogModuleManager: Shutting down and abandoning module AITestSuite (126)
[2017.01.16-03.23.15:649][862]LogModuleManager: Shutting down and abandoning module GameplayDebugger (125)
[2017.01.16-03.23.15:649][862]LogModuleManager: Shutting down and abandoning module AIModule (124)
[2017.01.16-03.23.15:649][862]LogModuleManager: Shutting down and abandoning module ProfilerService (123)
[2017.01.16-03.23.15:808][862]LogModuleManager: Shutting down and abandoning module TaskGraph (122)
[2017.01.16-03.23.15:808][862]LogModuleManager: Shutting down and abandoning module SlateRemote (121)
[2017.01.16-03.23.15:808][862]LogModuleManager: Shutting down and abandoning module SteamVRController (120)
[2017.01.16-03.23.15:808][862]LogModuleManager: Shutting down and abandoning module SteamVR (119)
[2017.01.16-03.23.15:808][862]LogModuleManager: Shutting down and abandoning module ProceduralMeshComponent (118)
[2017.01.16-03.23.15:808][862]LogModuleManager: Shutting down and abandoning module OculusLibrary (117)
[2017.01.16-03.23.15:808][862]LogModuleManager: Shutting down and abandoning module OculusInput (116)
[2017.01.16-03.23.15:808][862]LogModuleManager: Shutting down and abandoning module LeapMotionController (115)
[2017.01.16-03.23.15:825][862]LogModuleManager: Shutting down and abandoning module CustomMeshComponent (114)
[2017.01.16-03.23.15:825][862]LogModuleManager: Shutting down and abandoning module CableComponent (113)
[2017.01.16-03.23.15:825][862]LogModuleManager: Shutting down and abandoning module ArchVisCharacter (112)
[2017.01.16-03.23.15:825][862]LogModuleManager: Shutting down and abandoning module MessagingDebugger (111)
[2017.01.16-03.23.15:826][862]LogModuleManager: Shutting down and abandoning module MediaPlayerEditor (110)
[2017.01.16-03.23.15:826][862]LogModuleManager: Shutting down and abandoning module HTML5Networking (109)
[2017.01.16-03.23.15:826][862]LogModuleManager: Shutting down and abandoning module SpeedTreeImporter (108)
[2017.01.16-03.23.15:826][862]LogModuleManager: Shutting down and abandoning module PluginBrowser (107)
[2017.01.16-03.23.15:826][862]LogModuleManager: Shutting down and abandoning module EpicSurvey (106)
[2017.01.16-03.23.15:826][862]LogModuleManager: Shutting down and abandoning module DesktopPlatform (105)
[2017.01.16-03.23.15:826][862]LogModuleManager: Shutting down and abandoning module VisualStudioSourceCodeAccess (104)
[2017.01.16-03.23.15:826][862]LogModuleManager: Shutting down and abandoning module UObjectPlugin (103)
[2017.01.16-03.23.15:826][862]LogModuleManager: Shutting down and abandoning module SubversionSourceControl (102)
[2017.01.16-03.23.15:826][862]LogModuleManager: Shutting down and abandoning module PerforceSourceControl (101)
[2017.01.16-03.23.15:826][862]LogModuleManager: Shutting down and abandoning module SourceControl (100)
[2017.01.16-03.23.15:826][862]LogModuleManager: Shutting down and abandoning module GitSourceControl (99)
[2017.01.16-03.23.15:826][862]LogModuleManager: Shutting down and abandoning module LightPropagationVolumeEditor (98)
[2017.01.16-03.23.15:826][862]LogModuleManager: Shutting down and abandoning module PaperTiledImporter (97)
[2017.01.16-03.23.15:826][862]LogModuleManager: Shutting down and abandoning module PaperSpriteSheetImporter (96)
[2017.01.16-03.23.15:826][862]LogModuleManager: Shutting down and abandoning module MeshPaint (95)
[2017.01.16-03.23.15:826][862]LogModuleManager: Shutting down and abandoning module SlateReflector (94)
[2017.01.16-03.23.15:826][862]LogModuleManager: Shutting down and abandoning module HotReload (93)
[2017.01.16-03.23.15:826][862]LogModuleManager: Shutting down and abandoning module MainFrame (92)
[2017.01.16-03.23.15:826][862]LogModuleManager: Shutting down and abandoning module LevelEditor (91)
[2017.01.16-03.23.15:827][862]LogModuleManager: Shutting down and abandoning module DirectoryWatcher (90)
[2017.01.16-03.23.15:832][862]LogModuleManager: Shutting down and abandoning module AssetRegistry (89)
[2017.01.16-03.23.15:956][862]LogModuleManager: Shutting down and abandoning module ContentBrowser (88)
[2017.01.16-03.23.15:957][862]LogModuleManager: Shutting down and abandoning module Paper2DEditor (87)
[2017.01.16-03.23.15:957][862]LogModuleManager: Shutting down and abandoning module UdpMessaging (86)
[2017.01.16-03.23.16:058][862]LogModuleManager: Shutting down and abandoning module LightPropagationVolumeRuntime (85)
[2017.01.16-03.23.16:058][862]LogModuleManager: Shutting down and abandoning module Paper2D (84)
[2017.01.16-03.23.16:058][862]LogModuleManager: Shutting down and abandoning module WindowsMoviePlayer (83)
[2017.01.16-03.23.16:060][862]LogModuleManager: Shutting down and abandoning module Media (82)
[2017.01.16-03.23.16:060][862]LogModuleManager: Shutting down and abandoning module WmfMedia (81)
[2017.01.16-03.23.16:061][862]LogModuleManager: Shutting down and abandoning module OnlineBlueprintSupport (80)
[2017.01.16-03.23.16:061][862]LogModuleManager: Shutting down and abandoning module GameplayTasksEditor (79)
[2017.01.16-03.23.16:061][862]LogModuleManager: Shutting down and abandoning module PropertyEditor (78)
[2017.01.16-03.23.16:061][862]LogModuleManager: Shutting down and abandoning module BehaviorTreeEditor (77)
[2017.01.16-03.23.16:061][862]LogModuleManager: Shutting down and abandoning module FunctionalTesting (76)
[2017.01.16-03.23.16:061][862]LogModuleManager: Shutting down and abandoning module CollisionAnalyzer (75)
[2017.01.16-03.23.16:061][862]LogModuleManager: Shutting down and abandoning module WorkspaceMenuStructure (74)
[2017.01.16-03.23.16:061][862]LogModuleManager: Shutting down and abandoning module MessageLog (73)
[2017.01.16-03.23.16:061][862]LogModuleManager: Shutting down and abandoning module Sequencer (72)
[2017.01.16-03.23.16:061][862]LogModuleManager: Shutting down and abandoning module AssetTools (71)
[2017.01.16-03.23.16:061][862]LogModuleManager: Shutting down and abandoning module UMGEditor (70)
[2017.01.16-03.23.16:061][862]LogModuleManager: Shutting down and abandoning module UMG (69)
[2017.01.16-03.23.16:061][862]LogModuleManager: Shutting down and abandoning module Slate (68)
[2017.01.16-03.23.16:061][862]LogModuleManager: Shutting down and abandoning module EditorStyle (67)
[2017.01.16-03.23.16:063][862]LogModuleManager: Shutting down and abandoning module SessionServices (66)
[2017.01.16-03.23.16:063][862]LogModuleManager: Shutting down and abandoning module SourceCodeAccess (65)
[2017.01.16-03.23.16:063][862]LogModuleManager: Shutting down and abandoning module HeadMountedDisplay (64)
[2017.01.16-03.23.16:063][862]LogModuleManager: Shutting down and abandoning module XAudio2 (63)
[2017.01.16-03.23.16:063][862]LogModuleManager: Shutting down and abandoning module Networking (61)
[2017.01.16-03.23.16:063][862]LogModuleManager: Shutting down and abandoning module Core (60)
[2017.01.16-03.23.16:063][862]LogModuleManager: Shutting down and abandoning module KismetCompiler (59)
[2017.01.16-03.23.16:063][862]LogModuleManager: Shutting down and abandoning module PhysXFormats (58)
[2017.01.16-03.23.16:063][862]LogModuleManager: Shutting down and abandoning module MeshUtilities (57)
[2017.01.16-03.23.16:063][862]LogModuleManager: Shutting down and abandoning module DerivedDataCache (56)
[2017.01.16-03.23.16:090][862]LogDerivedDataCache: Shutdown
[2017.01.16-03.23.16:090][862]LogModuleManager: Shutting down and abandoning module ShaderFormatOpenGL (55)
[2017.01.16-03.23.16:090][862]LogModuleManager: Shutting down and abandoning module ShaderFormatD3D (54)
[2017.01.16-03.23.16:090][862]LogModuleManager: Shutting down and abandoning module MetalShaderFormat (53)
[2017.01.16-03.23.16:090][862]LogModuleManager: Shutting down and abandoning module TextureFormatUncompressed (52)
[2017.01.16-03.23.16:090][862]LogModuleManager: Shutting down and abandoning module TextureFormatPVR (51)
[2017.01.16-03.23.16:090][862]LogModuleManager: Shutting down and abandoning module TextureFormatIntelISPCTexComp (50)
[2017.01.16-03.23.16:090][862]LogModuleManager: Shutting down and abandoning module TextureFormatDXT (49)
[2017.01.16-03.23.16:090][862]LogModuleManager: Shutting down and abandoning module ImageWrapper (48)
[2017.01.16-03.23.16:090][862]LogModuleManager: Shutting down and abandoning module TextureFormatASTC (47)
[2017.01.16-03.23.16:090][862]LogModuleManager: Shutting down and abandoning module TextureFormatAndroid (46)
[2017.01.16-03.23.16:090][862]LogModuleManager: Shutting down and abandoning module AudioFormatOpus (45)
[2017.01.16-03.23.16:090][862]LogModuleManager: Shutting down and abandoning module AudioFormatOgg (44)
[2017.01.16-03.23.16:090][862]LogModuleManager: Shutting down and abandoning module AudioFormatADPCM (43)
[2017.01.16-03.23.16:090][862]LogModuleManager: Shutting down and abandoning module LinuxTargetPlatform (42)
[2017.01.16-03.23.16:091][862]LogModuleManager: Shutting down and abandoning module LinuxServerTargetPlatform (41)
[2017.01.16-03.23.16:091][862]LogModuleManager: Shutting down and abandoning module LinuxNoEditorTargetPlatform (40)
[2017.01.16-03.23.16:091][862]LogModuleManager: Shutting down and abandoning module Messaging (39)
[2017.01.16-03.23.16:091][862]LogModuleManager: Shutting down and abandoning module IOSTargetPlatform (38)
[2017.01.16-03.23.16:091][862]LogModuleManager: Shutting down and abandoning module HTML5TargetPlatform (37)
[2017.01.16-03.23.16:091][862]LogModuleManager: Shutting down and abandoning module Android_PVRTCTargetPlatform (36)
[2017.01.16-03.23.16:091][862]LogModuleManager: Shutting down and abandoning module Android_MultiTargetPlatform (35)
[2017.01.16-03.23.16:091][862]LogModuleManager: Shutting down and abandoning module Android_ETC2TargetPlatform (34)
[2017.01.16-03.23.16:091][862]LogModuleManager: Shutting down and abandoning module Android_ETC1TargetPlatform (33)
[2017.01.16-03.23.16:091][862]LogModuleManager: Shutting down and abandoning module Android_DXTTargetPlatform (32)
[2017.01.16-03.23.16:091][862]LogModuleManager: Shutting down and abandoning module Android_ATCTargetPlatform (31)
[2017.01.16-03.23.16:091][862]LogModuleManager: Shutting down and abandoning module Android_ASTCTargetPlatform (30)
[2017.01.16-03.23.16:091][862]LogModuleManager: Shutting down and abandoning module AndroidTargetPlatform (29)
[2017.01.16-03.23.16:091][862]LogModuleManager: Shutting down and abandoning module WindowsTargetPlatform (28)
[2017.01.16-03.23.16:091][862]LogModuleManager: Shutting down and abandoning module WindowsServerTargetPlatform (27)
[2017.01.16-03.23.16:091][862]LogModuleManager: Shutting down and abandoning module WindowsNoEditorTargetPlatform (26)
[2017.01.16-03.23.16:091][862]LogModuleManager: Shutting down and abandoning module WindowsClientTargetPlatform (25)
[2017.01.16-03.23.16:091][862]LogModuleManager: Shutting down and abandoning module AllDesktopTargetPlatform (24)
[2017.01.16-03.23.16:091][862]LogModuleManager: Shutting down and abandoning module TargetPlatform (23)
[2017.01.16-03.23.16:091][862]LogModuleManager: Shutting down and abandoning module InputCore (22)
[2017.01.16-03.23.16:091][862]LogModuleManager: Shutting down and abandoning module Settings (21)
[2017.01.16-03.23.16:091][862]LogModuleManager: Shutting down and abandoning module OnlineSubsystem (19)
[2017.01.16-03.23.16:091][862]LogModuleManager: Shutting down and abandoning module HTTP (18)
[2017.01.16-03.23.18:093][862]LogModuleManager: Shutting down and abandoning module XMPP (17)
[2017.01.16-03.23.18:093][862]LogModuleManager: Shutting down and abandoning module OculusRift (16)
[2017.01.16-03.23.18:093][862]LogModuleManager: Shutting down and abandoning module ExampleDeviceProfileSelector (15)
[2017.01.16-03.23.18:093][862]LogModuleManager: Shutting down and abandoning module TextureCompressor (14)
[2017.01.16-03.23.18:093][862]LogModuleManager: Shutting down and abandoning module ShaderCore (13)
[2017.01.16-03.23.18:093][862]LogModuleManager: Shutting down and abandoning module Landscape (12)
[2017.01.16-03.23.18:093][862]LogModuleManager: Shutting down and abandoning module SlateRHIRenderer (11)
[2017.01.16-03.23.18:096][862]LogModuleManager: Shutting down and abandoning module OpenGLDrv (10)
[2017.01.16-03.23.18:096][862]LogModuleManager: Shutting down and abandoning module D3D11RHI (9)
[2017.01.16-03.23.18:096][862]LogModuleManager: Shutting down and abandoning module AnimGraphRuntime (8)
[2017.01.16-03.23.18:096][862]LogModuleManager: Shutting down and abandoning module Renderer (7)
[2017.01.16-03.23.18:096][862]LogModuleManager: Shutting down and abandoning module Engine (6)
[2017.01.16-03.23.18:096][862]LogModuleManager: Shutting down and abandoning module CoreUObject (5)
[2017.01.16-03.23.18:096][862]LogModuleManager: Shutting down and abandoning module NetworkFile (4)
[2017.01.16-03.23.18:096][862]LogModuleManager: Shutting down and abandoning module StreamingFile (3)
[2017.01.16-03.23.18:096][862]LogModuleManager: Shutting down and abandoning module SandboxFile (2)
[2017.01.16-03.23.18:096][862]LogModuleManager: Shutting down and abandoning module PakFile (1)
[2017.01.16-03.23.18:097][862]LogExit: Exiting.
[2017.01.16-03.23.18:100][862]Log file closed, 01/15/17 23:23:18
