[2017.01.15-18.10.29:075][  0]Log file open, 01/15/17 14:10:29
[2017.01.15-18.10.29:075][  0]LogInit:Display: Running engine for game: AIProject4_10
[2017.01.15-18.10.29:075][  0]LogPlatformFile: Not using cached read wrapper
[2017.01.15-18.10.29:075][  0]LogInit:Display: RandInit(253201223) SRandInit(253201224).
[2017.01.15-18.10.29:075][  0]LogTaskGraph: Started task graph with 4 named threads and 7 total threads.
[2017.01.15-18.10.29:075][  0]LogStats: Stats thread started at 0.066272
[2017.01.15-18.10.29:075][  0]LogInit: Version: 4.10.4-2872498+++depot+UE4-Releases+4.10
[2017.01.15-18.10.29:075][  0]LogInit: API Version: 2758231
[2017.01.15-18.10.29:075][  0]LogInit: Compiled (64-bit): Feb 18 2016 15:47:04
[2017.01.15-18.10.29:075][  0]LogInit: Compiled with Visual C++: 19.00.23026.00
[2017.01.15-18.10.29:075][  0]LogInit: Build Configuration: Development
[2017.01.15-18.10.29:075][  0]LogInit: Branch Name: ++depot+UE4-Releases+4.10
[2017.01.15-18.10.29:075][  0]LogInit: Command line:  
[2017.01.15-18.10.29:075][  0]LogInit: Base directory: C:/Program Files (x86)/Epic Games/4.10/Engine/Binaries/Win64/
[2017.01.15-18.10.29:075][  0]LogInit: Rocket: 1
[2017.01.15-18.10.29:081][  0]LogInit: Using libcurl 7.41.0
[2017.01.15-18.10.29:081][  0]LogInit:  - built for x86_64-pc-win32
[2017.01.15-18.10.29:081][  0]LogInit:  - supports SSL with WinSSL
[2017.01.15-18.10.29:081][  0]LogInit:  - other features:
[2017.01.15-18.10.29:081][  0]LogInit:      CURL_VERSION_SSL
[2017.01.15-18.10.29:081][  0]LogInit:      CURL_VERSION_IPV6
[2017.01.15-18.10.29:081][  0]LogInit:      CURL_VERSION_ASYNCHDNS
[2017.01.15-18.10.29:081][  0]LogInit:      CURL_VERSION_LARGEFILE
[2017.01.15-18.10.29:081][  0]LogInit:      CURL_VERSION_IDN
[2017.01.15-18.10.29:081][  0]LogInit:  CurlRequestOptions (configurable via config and command line):
[2017.01.15-18.10.29:081][  0]LogInit:  - bVerifyPeer = true  - Libcurl will verify peer certificate
[2017.01.15-18.10.29:081][  0]LogInit:  - bUseHttpProxy = false  - Libcurl will NOT use HTTP proxy
[2017.01.15-18.10.29:081][  0]LogInit:  - bDontReuseConnections = false  - Libcurl will reuse connections
[2017.01.15-18.10.29:081][  0]LogInit:  - CertBundlePath = nullptr  - Libcurl will use whatever was configured at build time.
[2017.01.15-18.10.29:087][  0]LogInit: Presizing for 0 objects not considered by GC, pre-allocating 0 bytes.
[2017.01.15-18.10.29:092][  0]LogInit: Object subsystem initialized
[2017.01.15-18.10.29:092][  0]LogInit: Selected Device Profile: [Windows]
[2017.01.15-18.10.29:092][  0]LogInit: Applying CVar settings loaded from the selected device profile: [Windows]
[2017.01.15-18.10.29:101][  0]LogInit: Computer: JAPPAMACHINE
[2017.01.15-18.10.29:101][  0]LogInit: User: Jappa
[2017.01.15-18.10.29:101][  0]LogInit: CPU Page size=4096, Cores=4
[2017.01.15-18.10.29:101][  0]LogInit: High frequency timer resolution =3.906246 MHz
[2017.01.15-18.10.29:101][  0]LogMemory: Memory total: Physical=7.9GB (8GB approx)
[2017.01.15-18.10.29:101][  0]LogMemory: Platform Memory Stats for Windows
[2017.01.15-18.10.29:101][  0]LogMemory: Process Physical Memory: 56.58 MB used, 56.58 MB peak
[2017.01.15-18.10.29:101][  0]LogMemory: Process Virtual Memory: 57.00 MB used, 57.00 MB peak
[2017.01.15-18.10.29:101][  0]LogMemory: Physical Memory: 5458.86 MB used, 8053.11 MB total
[2017.01.15-18.10.29:101][  0]LogMemory: Virtual Memory: 369.14 MB used, 134217728.00 MB total
[2017.01.15-18.10.29:128][  0]LogTextLocalizationManager: No specific translations for ('en-US') exist, so ('en') translations will be used.
[2017.01.15-18.10.29:466][  0]LogD3D11RHI: Found D3D11 adapter 0: NVIDIA GeForce GTX 750 Ti (Feature Level 11_0)
[2017.01.15-18.10.29:466][  0]LogD3D11RHI: Adapter has 2016MB of dedicated video memory, 0MB of dedicated system memory, and 4026MB of shared system memory, 2 output[s]
[2017.01.15-18.10.29:470][  0]LogD3D11RHI: Found D3D11 adapter 1: Intel(R) HD Graphics 4600 (Feature Level 11_0)
[2017.01.15-18.10.29:470][  0]LogD3D11RHI: Adapter has 112MB of dedicated video memory, 0MB of dedicated system memory, and 2048MB of shared system memory, 0 output[s]
[2017.01.15-18.10.29:471][  0]LogD3D11RHI: Found D3D11 adapter 2: Microsoft Basic Render Driver (Feature Level 11_0)
[2017.01.15-18.10.29:471][  0]LogD3D11RHI: Adapter has 0MB of dedicated video memory, 0MB of dedicated system memory, and 4026MB of shared system memory, 0 output[s]
[2017.01.15-18.10.29:471][  0]LogD3D11RHI: Chosen D3D11 Adapter Id = 0
[2017.01.15-18.10.29:475][  0]LogD3D11RHI: !Direct3DDevice
[2017.01.15-18.10.29:476][  0]LogRHI: Texture pool is 1361 MB (70% of 1945 MB)
[2017.01.15-18.10.29:486][  0]LogD3D11RHI: Async texture creation enabled
[2017.01.15-18.10.29:495][  0]LogShaderCompilers: Guid format shader working directory is -6 characters bigger than the processId version (../../../../../../Users/Jappa/Desktop/AIProject4_10/Intermediate/Shaders/WorkingDirectory/18000/).
[2017.01.15-18.10.29:495][  0]LogShaderCompilers: Cleaned the shader compiler working directory 'C:/Users/Jappa/AppData/Local/Temp/UnrealShaderWorkingDir/C5E4BCCF4029BCF5AF641C8B617DCEB8/'.
[2017.01.15-18.10.29:495][  0]LogShaderCompilers:Display: Using Local Shader Compiler.
[2017.01.15-18.10.30:066][  0]LogTemp:Display: Loaded TP AllDesktopTargetPlatform
[2017.01.15-18.10.30:070][  0]LogTemp:Display: Loaded TP WindowsClientTargetPlatform
[2017.01.15-18.10.30:073][  0]LogTemp:Display: Loaded TP WindowsNoEditorTargetPlatform
[2017.01.15-18.10.30:077][  0]LogTemp:Display: Loaded TP WindowsServerTargetPlatform
[2017.01.15-18.10.30:080][  0]LogTemp:Display: Loaded TP WindowsTargetPlatform
[2017.01.15-18.10.30:082][  0]LogTemp:Display: Loaded TP AndroidTargetPlatform
[2017.01.15-18.10.30:084][  0]LogTemp:Display: Loaded TP Android_ASTCTargetPlatform
[2017.01.15-18.10.30:087][  0]LogTemp:Display: Loaded TP Android_ATCTargetPlatform
[2017.01.15-18.10.30:089][  0]LogTemp:Display: Loaded TP Android_DXTTargetPlatform
[2017.01.15-18.10.30:091][  0]LogTemp:Display: Loaded TP Android_ETC1TargetPlatform
[2017.01.15-18.10.30:094][  0]LogTemp:Display: Loaded TP Android_ETC2TargetPlatform
[2017.01.15-18.10.30:099][  0]LogTemp:Display: Loaded TP Android_MultiTargetPlatform
[2017.01.15-18.10.30:099][  0]LogTemp:Display: Loaded TP Android_PVRTCTargetPlatform
[2017.01.15-18.10.30:099][  0]LogTemp:Display: Loaded TP HTML5TargetPlatform
[2017.01.15-18.10.30:115][  0]LogTemp:Display: Loaded TP IOSTargetPlatform
[2017.01.15-18.10.30:117][  0]LogTemp:Display: Loaded TP LinuxNoEditorTargetPlatform
[2017.01.15-18.10.30:119][  0]LogTemp:Display: Loaded TP LinuxServerTargetPlatform
[2017.01.15-18.10.30:121][  0]LogTemp:Display: Loaded TP LinuxTargetPlatform
[2017.01.15-18.10.30:121][  0]LogTargetPlatformManager:Display: Building Assets For Windows
[2017.01.15-18.10.30:181][  0]LogDerivedDataCache:Display: Max Cache Size: 512 MB
[2017.01.15-18.10.30:219][  0]LogDerivedDataCache: Loaded boot cache 0.04s 41MB C:/Users/Jappa/AppData/Local/UnrealEngine/4.10/DerivedDataCache/Boot.ddc.
[2017.01.15-18.10.30:219][  0]LogDerivedDataCache:Display: Loaded Boot cache: C:/Users/Jappa/AppData/Local/UnrealEngine/4.10/DerivedDataCache/Boot.ddc
[2017.01.15-18.10.30:219][  0]LogDerivedDataCache: FDerivedDataBackendGraph:  Pak pak cache file ../../../../../../Users/Jappa/Desktop/AIProject4_10/DerivedDataCache/DDC.ddp not found, will not use a pak cache.
[2017.01.15-18.10.30:219][  0]LogDerivedDataCache: Unable to find inner node Pak for hierarchical cache Hierarchy.
[2017.01.15-18.10.30:219][  0]LogDerivedDataCache: FDerivedDataBackendGraph:  CompressedPak pak cache file ../../../../../../Users/Jappa/Desktop/AIProject4_10/DerivedDataCache/Compressed.ddp not found, will not use a pak cache.
[2017.01.15-18.10.30:219][  0]LogDerivedDataCache: Unable to find inner node CompressedPak for hierarchical cache Hierarchy.
[2017.01.15-18.10.30:260][  0]LogDerivedDataCache:Display: Pak cache opened for reading ../../../Engine/DerivedDataCache/Compressed.ddp.
[2017.01.15-18.10.30:273][  0]LogDerivedDataCache: Using Local data cache path C:/Users/Jappa/AppData/Local/UnrealEngine/Common/DerivedDataCache: Writable
[2017.01.15-18.10.30:403][  0]LogInit: Selected Device Profile: [Windows]
[2017.01.15-18.10.30:404][  0]LogContentStreaming: Texture pool size is 0.000000MB
[2017.01.15-18.10.30:486][  0]LogMeshUtilities: No automatic mesh reduction module available
[2017.01.15-18.10.30:486][  0]LogMeshUtilities: No automatic mesh merging module available
[2017.01.15-18.10.30:642][  0]LogInit: WinSock: version 1.1 (2.2), MaxSocks=32767, MaxUdp=65467
[2017.01.15-18.10.31:176][  0]UdpMessaging: Initializing bridge on interface 0.0.0.0:0 to multicast group 230.0.0.1:6666.
[2017.01.15-18.10.31:263][  0]LogAssetRegistry: FAssetRegistry took 0.0108 seconds to start up
[2017.01.15-18.10.31:395][  0]SourceControl: Info Source control is disabled
[2017.01.15-18.10.31:396][  0]SourceControl: Info Source control is disabled
[2017.01.15-18.10.31:408][  0]SourceControl: Info Source control is disabled
[2017.01.15-18.10.31:417][  0]SourceControl: Info Source control is disabled
[2017.01.15-18.10.31:588][  0]LogObj: 28633 objects as part of root set at end of initial load.
[2017.01.15-18.10.31:588][  0]LogUObjectAllocator: 6099744 out of 0 bytes used by permanent object pool.
[2017.01.15-18.10.31:633][  0]LogEngine: Initializing Engine...
[2017.01.15-18.10.31:635][  0]LogHMD: Can't find Oculus library dev build: is proper Runtime installed? Version: 0.8.0.0
[2017.01.15-18.10.31:639][  0]LogHMD: SteamVR failed to initialize.  Err: 108
[2017.01.15-18.10.31:753][  0]LogAIModule: Creating AISystem for world NewWorld
[2017.01.15-18.10.31:769][  0]LogInit: XAudio2 using 'Speakers (Yeti Stereo Microphone)' : 2 channels at 44.1 kHz using 16 bits per sample (channel mask 0x3)
[2017.01.15-18.10.31:783][  0]LogInit: FAudioDevice initialized.
[2017.01.15-18.10.31:809][  0]LogDerivedDataCache: Saved boot cache 0.03s 41MB C:/Users/Jappa/AppData/Local/UnrealEngine/4.10/DerivedDataCache/Boot.ddc.
[2017.01.15-18.10.31:812][  0]LogInit: Texture streaming: Enabled
[2017.01.15-18.10.31:819][  0]LogAnalytics: Creating configured Analytics provider AnalyticsET
[2017.01.15-18.10.31:819][  0]LogAnalytics: [UEEditor.Rocket.Release] APIServer = http://et2.epicgames.com/ET2/. AppVersion = 4.10.4-2872498+++depot+UE4-Releases+4.10
[2017.01.15-18.10.31:819][  0]LogAnalytics: [UEEditor.Rocket.Release] SetUserId 49a7f7e34660f286ad8e2c921bb99aca|35554f692dfd40ceae915f236b531199|3c7f4420-3815-4005-889a-878607e09a45
[2017.01.15-18.10.31:819][  0]LogAnalytics: [UEEditor.Rocket.Release] AnalyticsET::StartSession
[2017.01.15-18.10.31:826][  0]LogInit: Transaction tracking system initialized
[2017.01.15-18.10.31:848][  0]BlueprintLog: New page: Editor Load
[2017.01.15-18.10.31:912][  0]LocalizationService: Info Localization service is disabled
[2017.01.15-18.10.31:962][  0]LogLinker:Warning: Can't find file '/Game/PuzzleBP/PuzzleOverview'
[2017.01.15-18.10.31:962][  0]LogLinker:Warning: Can't find file '/Game/PuzzleBP/PuzzleOverview'
[2017.01.15-18.10.31:962][  0]LogUObjectGlobals:Warning: Failed to find object 'Class /Game/PuzzleBP/PuzzleOverview.PuzzleOverview_C'
[2017.01.15-18.10.31:970][  0]LogConsoleResponse:Display: 
[2017.01.15-18.10.32:051][  0]LogCook:Display: Done creating registry. It took  0.00s.
[2017.01.15-18.10.32:095][  0]LogFileCache: Scanning file cache for directory 'C:/Users/Jappa/Desktop/AIProject4_10/Content/' took 0.01s
[2017.01.15-18.10.32:095][  0]SourceControl: Info Source control is disabled
[2017.01.15-18.10.32:095][  0]Cmd: MAP LOAD FILE="../../../../../../Users/Jappa/Desktop/AIProject4_10/Content/ThirdPersonBP/Maps/ThirdPersonExampleMap.umap" TEMPLATE=0 SHOWPROGRESS=1 FEATURELEVEL=3
[2017.01.15-18.10.32:095][  0]LightingResults: New page: Lighting Build
[2017.01.15-18.10.32:097][  0]MapCheck: New page: Map Check
[2017.01.15-18.10.32:097][  0]LightingResults: New page: Lighting Build
[2017.01.15-18.10.32:104][  0]LogParticles: Destroying 0 GPU particle simulations for FXSystem 0x000001B7A914F240
[2017.01.15-18.10.32:676][  0]LogAIModule: Creating AISystem for world ThirdPersonExampleMap
[2017.01.15-18.10.32:685][  0]LogEditorServer: Finished looking for orphan Actors (0.000 secs)
[2017.01.15-18.10.32:686][  0]Cmd: MAP CHECKDEP NOCLEARLOG
[2017.01.15-18.10.32:724][  0]MapCheck: Info Map check complete: 0 Error(s), 0 Warning(s), took 38.094ms to complete.
[2017.01.15-18.10.32:724][  0]LogFileHelpers: Loading map 'ThirdPersonExampleMap' took 0.629
[2017.01.15-18.10.32:824][  0]LogCollectionManager: Loaded 0 collections in 0.001735 seconds
[2017.01.15-18.10.32:865][  0]LogFileCache: Scanning file cache for directory 'C:/Users/Jappa/Desktop/AIProject4_10/Saved/Collections/' took 0.01s
[2017.01.15-18.10.32:865][  0]LogFileCache: Scanning file cache for directory 'C:/Users/Jappa/Desktop/AIProject4_10/Content/Developers/Jappa/Collections/' took 0.01s
[2017.01.15-18.10.32:865][  0]LogFileCache: Scanning file cache for directory 'C:/Users/Jappa/Desktop/AIProject4_10/Content/Collections/' took 0.01s
[2017.01.15-18.10.32:865][  0]LogCollectionManager: Rebuilt the GUID cache for 0 collections in 0.000001 seconds
[2017.01.15-18.10.32:871][  0]LogContentBrowser: Native class hierarchy populated in 0.0055 seconds. Added 1893 classes and 338 folders.
[2017.01.15-18.10.32:875][  0]LogContentBrowser: Native class hierarchy updated for 'WidgetCarousel' in 0.0002 seconds. Added 0 classes and 0 folders.
[2017.01.15-18.10.32:905][  0]LogContentBrowser: Native class hierarchy updated for 'AddContentDialog' in 0.0002 seconds. Added 0 classes and 0 folders.
[2017.01.15-18.10.32:908][  0]LogContentBrowser: Native class hierarchy updated for 'SceneOutliner' in 0.0002 seconds. Added 1 classes and 2 folders.
[2017.01.15-18.10.32:944][  0]LogCrashTracker: Crashtracker disabled due to settings.
[2017.01.15-18.10.32:948][  0]LogUObjectGlobals:Warning: Failed to find object 'Class None.'
[2017.01.15-18.10.32:970][  0]LogLoad: Full Startup: 4.26 seconds (BP compile: 0.14 seconds)
[2017.01.15-18.10.33:312][  0]LogOcInput: Can't find Oculus library dev build: is proper Runtime installed? Version: 0.8.0.0
[2017.01.15-18.10.33:360][  0]LogContentStreaming: Texture pool size now 1000 MB
[2017.01.15-18.10.33:662][  1]LogRenderer: Reallocating scene render targets to support 964x512 (Frame:2).
[2017.01.15-18.10.34:980][  5]LogAssetRegistry: Asset discovery search completed in 3.7280 seconds
[2017.01.15-18.10.34:980][  5]LogCollectionManager: Rebuilt the object cache for 0 collections in 0.000000 seconds (found 0 objects)
[2017.01.15-18.10.34:981][  5]LogCollectionManager: Fixed up redirectors for 0 collections in 0.000014 seconds (updated 0 objects)
[2017.01.15-18.10.48:453][199]LogBlueprintUserMessages: Early PlayInEditor Detection: Level '/Game/ThirdPersonBP/Maps/ThirdPersonExampleMap.ThirdPersonExampleMap:PersistentLevel' has LevelScriptBlueprint '/Game/ThirdPersonBP/Maps/ThirdPersonExampleMap.ThirdPersonExampleMap:PersistentLevel.ThirdPersonExampleMap' with GeneratedClass '/Game/ThirdPersonBP/Maps/ThirdPersonExampleMap.ThirdPersonExampleMap_C' with ClassGeneratedBy '/Game/ThirdPersonBP/Maps/ThirdPersonExampleMap.ThirdPersonExampleMap:PersistentLevel.ThirdPersonExampleMap'
[2017.01.15-18.10.48:453][199]LogPlayLevel: PlayLevel: No blueprints needed recompiling
[2017.01.15-18.10.48:458][199]PIE: New page: PIE session: ThirdPersonExampleMap (Jan 15, 2017, 10:10:48 AM)
[2017.01.15-18.10.48:458][199]LogPlayLevel: Creating play world package: /Game/ThirdPersonBP/Maps/UEDPIE_0_ThirdPersonExampleMap
[2017.01.15-18.10.48:481][199]LogPlayLevel: PIE: StaticDuplicateObject took: (0.023052s)
[2017.01.15-18.10.48:483][199]LogAIModule: Creating AISystem for world ThirdPersonExampleMap
[2017.01.15-18.10.48:483][199]LogPlayLevel: PIE: World Init took: (0.001596s)
[2017.01.15-18.10.48:483][199]LogPlayLevel: PIE: Created PIE world by copying editor world from /Game/ThirdPersonBP/Maps/ThirdPersonExampleMap.ThirdPersonExampleMap to /Game/ThirdPersonBP/Maps/UEDPIE_0_ThirdPersonExampleMap.ThirdPersonExampleMap (0.025040s)
[2017.01.15-18.10.48:483][199]LogActorComponent: UnregisterComponent: (/Engine/Transient.CharMoveComp) Not registered. Aborting.
[2017.01.15-18.10.48:483][199]LogActorComponent: UnregisterComponent: (/Engine/Transient.CharacterMovementComponent_0) Not registered. Aborting.
[2017.01.15-18.10.48:483][199]LogActorComponent: UnregisterComponent: (/Engine/Transient.CharacterMovementComponent_1) Not registered. Aborting.
[2017.01.15-18.10.48:484][199]LogActorComponent: UnregisterComponent: (/Engine/Transient.AIPerceptionStimuliSource_GEN_VARIABLE) Not registered. Aborting.
[2017.01.15-18.10.48:517][199]LogInit: XAudio2 using 'Speakers (Yeti Stereo Microphone)' : 2 channels at 44.1 kHz using 16 bits per sample (channel mask 0x3)
[2017.01.15-18.10.48:523][199]LogInit: FAudioDevice initialized.
[2017.01.15-18.10.48:582][199]LogWorld: Game class is 'ThirdPersonGameMode_C'
[2017.01.15-18.10.48:593][199]LogWorld: Bringing World /Game/ThirdPersonBP/Maps/UEDPIE_0_ThirdPersonExampleMap.ThirdPersonExampleMap up for play (max tick rate 0) at 2017.01.15-14.10.48
[2017.01.15-18.10.48:593][199]LogActor:Warning: GameSession /Game/ThirdPersonBP/Maps/UEDPIE_0_ThirdPersonExampleMap.ThirdPersonExampleMap:PersistentLevel.GameSession_0 has natively added scene component(s), but none of them were set as the actor's RootComponent - picking one arbitrarily
[2017.01.15-18.10.48:593][199]LogActor:Warning: GameNetworkManager /Game/ThirdPersonBP/Maps/UEDPIE_0_ThirdPersonExampleMap.ThirdPersonExampleMap:PersistentLevel.GameNetworkManager_0 has natively added scene component(s), but none of them were set as the actor's RootComponent - picking one arbitrarily
[2017.01.15-18.10.48:594][199]LogWorld: Bringing up level for play took: 0.007340
[2017.01.15-18.10.48:600][199]PIE: Info Play in editor start time for /Game/ThirdPersonBP/Maps/UEDPIE_0_ThirdPersonExampleMap -0.628
[2017.01.15-18.10.48:601][199]LogBlueprintUserMessages: Late PlayInEditor Detection: Level '/Game/ThirdPersonBP/Maps/ThirdPersonExampleMap.ThirdPersonExampleMap:PersistentLevel' has LevelScriptBlueprint '/Game/ThirdPersonBP/Maps/ThirdPersonExampleMap.ThirdPersonExampleMap:PersistentLevel.ThirdPersonExampleMap' with GeneratedClass '/Game/ThirdPersonBP/Maps/ThirdPersonExampleMap.ThirdPersonExampleMap_C' with ClassGeneratedBy '/Game/ThirdPersonBP/Maps/ThirdPersonExampleMap.ThirdPersonExampleMap:PersistentLevel.ThirdPersonExampleMap'
[2017.01.15-18.11.18:829][821]LogBlueprintUserMessages: Early EndPlayMap Detection: Level '/Game/ThirdPersonBP/Maps/ThirdPersonExampleMap.ThirdPersonExampleMap:PersistentLevel' has LevelScriptBlueprint '/Game/ThirdPersonBP/Maps/ThirdPersonExampleMap.ThirdPersonExampleMap:PersistentLevel.ThirdPersonExampleMap' with GeneratedClass '/Game/ThirdPersonBP/Maps/ThirdPersonExampleMap.ThirdPersonExampleMap_C' with ClassGeneratedBy '/Game/ThirdPersonBP/Maps/ThirdPersonExampleMap.ThirdPersonExampleMap:PersistentLevel.ThirdPersonExampleMap'
[2017.01.15-18.11.18:862][821]LogBlueprintUserMessages: Late EndPlayMap Detection: Level '/Game/ThirdPersonBP/Maps/ThirdPersonExampleMap.ThirdPersonExampleMap:PersistentLevel' has LevelScriptBlueprint '/Game/ThirdPersonBP/Maps/ThirdPersonExampleMap.ThirdPersonExampleMap:PersistentLevel.ThirdPersonExampleMap' with GeneratedClass '/Game/ThirdPersonBP/Maps/ThirdPersonExampleMap.ThirdPersonExampleMap_C' with ClassGeneratedBy '/Game/ThirdPersonBP/Maps/ThirdPersonExampleMap.ThirdPersonExampleMap:PersistentLevel.ThirdPersonExampleMap'
[2017.01.15-18.11.18:873][821]LogParticles: Destroying 0 GPU particle simulations for FXSystem 0x000001B7BE7159E0
[2017.01.15-18.12.01:293][768]Cmd: SELECT NONE
[2017.01.15-18.24.07:102][ 65]LogActorComponent: UnregisterComponent: (/Engine/Transient.CharMoveComp) Not registered. Aborting.
[2017.01.15-18.24.07:103][ 65]LogActorComponent: UnregisterComponent: (/Engine/Transient.AIPerceptionStimuliSource_GEN_VARIABLE) Not registered. Aborting.
[2017.01.15-18.24.07:103][ 65]LogActorComponent: UnregisterComponent: (/Engine/Transient.CharacterMovementComponent_2) Not registered. Aborting.
[2017.01.15-18.24.07:103][ 65]LogActorComponent: UnregisterComponent: (/Engine/Transient.CharacterMovementComponent_3) Not registered. Aborting.
[2017.01.15-18.24.07:329][ 66]Cmd: QUIT_EDITOR
[2017.01.15-18.24.08:127][ 66]LogWindowsTextInputMethodSystem:Display: IME system now deactivated.
[2017.01.15-18.24.08:169][ 66]LogExit: Preparing to exit.
[2017.01.15-18.24.08:503][ 66]LogExit: Editor shut down
[2017.01.15-18.24.08:504][ 66]LogExit: Transaction tracking system shut down
[2017.01.15-18.24.08:505][ 66]LogParticles: Destroying 0 GPU particle simulations for FXSystem 0x000001B7B0DF4680
[2017.01.15-18.24.08:505][ 66]LogParticles: Destroying 0 GPU particle simulations for FXSystem 0x000001B7B4FA7880
[2017.01.15-18.24.08:506][ 66]LogParticles: Destroying 0 GPU particle simulations for FXSystem 0x000001B7B6F7F7E0
[2017.01.15-18.24.08:601][ 66]LogExit: Object subsystem successfully closed.
[2017.01.15-18.24.08:614][ 66]LogD3D11RHI: Shutdown
[2017.01.15-18.24.08:614][ 66]LogD3D11RHI: CleanupD3DDevice
[2017.01.15-18.24.08:660][ 66]LogD3D11RHI: ~FD3D11DynamicRHI
[2017.01.15-18.24.08:671][ 66]LogModuleManager: Shutting down and abandoning module CrashTracker (198)
[2017.01.15-18.24.08:671][ 66]LogModuleManager: Shutting down and abandoning module SceneOutliner (197)
[2017.01.15-18.24.08:671][ 66]LogModuleManager: Shutting down and abandoning module SuperSearch (196)
[2017.01.15-18.24.08:671][ 66]LogModuleManager: Shutting down and abandoning module WidgetCarousel (195)
[2017.01.15-18.24.08:671][ 66]LogModuleManager: Shutting down and abandoning module AddContentDialog (194)
[2017.01.15-18.24.08:672][ 66]LogModuleManager: Shutting down and abandoning module EditorWidgets (193)
[2017.01.15-18.24.08:672][ 66]LogModuleManager: Shutting down and abandoning module CollectionManager (192)
[2017.01.15-18.24.08:672][ 66]LogModuleManager: Shutting down and abandoning module StatsViewer (191)
[2017.01.15-18.24.08:672][ 66]LogModuleManager: Shutting down and abandoning module FoliageEdit (190)
[2017.01.15-18.24.08:672][ 66]LogModuleManager: Shutting down and abandoning module LandscapeEditor (189)
[2017.01.15-18.24.08:672][ 66]LogModuleManager: Shutting down and abandoning module ActorPickerMode (188)
[2017.01.15-18.24.08:672][ 66]LogModuleManager: Shutting down and abandoning module GeometryMode (187)
[2017.01.15-18.24.08:672][ 66]LogModuleManager: Shutting down and abandoning module TextureAlignMode (186)
[2017.01.15-18.24.08:672][ 66]LogModuleManager: Shutting down and abandoning module BspMode (185)
[2017.01.15-18.24.08:673][ 66]LogModuleManager: Shutting down and abandoning module PlacementMode (184)
[2017.01.15-18.24.08:673][ 66]LogModuleManager: Shutting down and abandoning module AutomationWorker (183)
[2017.01.15-18.24.08:673][ 66]LogModuleManager: Shutting down and abandoning module CharacterAI (182)
[2017.01.15-18.24.08:673][ 66]LogModuleManager: Shutting down and abandoning module SmartSnapping (181)
[2017.01.15-18.24.08:673][ 66]LogModuleManager: Shutting down and abandoning module ViewportSnapping (180)
[2017.01.15-18.24.08:673][ 66]LogModuleManager: Shutting down and abandoning module LogVisualizer (179)
[2017.01.15-18.24.08:673][ 66]LogModuleManager: Shutting down and abandoning module GameProjectGeneration (178)
[2017.01.15-18.24.08:673][ 66]LogModuleManager: Shutting down and abandoning module IntroTutorials (177)
[2017.01.15-18.24.08:673][ 66]LogModuleManager: Shutting down and abandoning module EditorLiveStreaming (176)
[2017.01.15-18.24.08:673][ 66]LogModuleManager: Shutting down and abandoning module IOSPlatformEditor (175)
[2017.01.15-18.24.08:673][ 66]LogModuleManager: Shutting down and abandoning module HTML5PlatformEditor (174)
[2017.01.15-18.24.08:673][ 66]LogModuleManager: Shutting down and abandoning module AndroidDeviceDetection (173)
[2017.01.15-18.24.09:265][ 66]LogModuleManager: Shutting down and abandoning module AndroidPlatformEditor (172)
[2017.01.15-18.24.09:265][ 66]LogModuleManager: Shutting down and abandoning module IOSRuntimeSettings (171)
[2017.01.15-18.24.09:265][ 66]LogModuleManager: Shutting down and abandoning module AndroidRuntimeSettings (170)
[2017.01.15-18.24.09:265][ 66]LogModuleManager: Shutting down and abandoning module MergeActors (169)
[2017.01.15-18.24.09:265][ 66]LogModuleManager: Shutting down and abandoning module SizeMap (168)
[2017.01.15-18.24.09:265][ 66]LogModuleManager: Shutting down and abandoning module TreeMap (167)
[2017.01.15-18.24.09:265][ 66]LogModuleManager: Shutting down and abandoning module ReferenceViewer (166)
[2017.01.15-18.24.09:265][ 66]LogModuleManager: Shutting down and abandoning module LocalizationService (165)
[2017.01.15-18.24.09:265][ 66]LogModuleManager: Shutting down and abandoning module LocalizationDashboard (164)
[2017.01.15-18.24.09:266][ 66]LogModuleManager: Shutting down and abandoning module HardwareTargeting (163)
[2017.01.15-18.24.09:266][ 66]LogModuleManager: Shutting down and abandoning module DeviceProfileEditor (162)
[2017.01.15-18.24.09:266][ 66]LogModuleManager: Shutting down and abandoning module UndoHistory (161)
[2017.01.15-18.24.09:266][ 66]LogModuleManager: Shutting down and abandoning module GameplayTagsEditor (160)
[2017.01.15-18.24.09:266][ 66]LogModuleManager: Shutting down and abandoning module UserFeedback (159)
[2017.01.15-18.24.09:266][ 66]LogModuleManager: Shutting down and abandoning module XmlParser (158)
[2017.01.15-18.24.09:266][ 66]LogModuleManager: Shutting down and abandoning module Blutility (157)
[2017.01.15-18.24.09:266][ 66]LogModuleManager: Shutting down and abandoning module ProjectTargetPlatformEditor (156)
[2017.01.15-18.24.09:266][ 66]LogModuleManager: Shutting down and abandoning module ProjectSettingsViewer (155)
[2017.01.15-18.24.09:266][ 66]LogModuleManager: Shutting down and abandoning module InputBindingEditor (154)
[2017.01.15-18.24.09:266][ 66]LogModuleManager: Shutting down and abandoning module EditorSettingsViewer (153)
[2017.01.15-18.24.09:266][ 66]LogModuleManager: Shutting down and abandoning module SettingsEditor (152)
[2017.01.15-18.24.09:266][ 66]LogModuleManager: Shutting down and abandoning module ProjectLauncher (151)
[2017.01.15-18.24.09:266][ 66]LogModuleManager: Shutting down and abandoning module SessionFrontend (150)
[2017.01.15-18.24.09:266][ 66]LogModuleManager: Shutting down and abandoning module ProfilerClient (149)
[2017.01.15-18.24.09:266][ 66]LogModuleManager: Shutting down and abandoning module TargetDeviceServices (148)
[2017.01.15-18.24.09:266][ 66]LogModuleManager: Shutting down and abandoning module DeviceManager (147)
[2017.01.15-18.24.09:266][ 66]LogModuleManager: Shutting down and abandoning module AutomationController (146)
[2017.01.15-18.24.09:266][ 66]LogModuleManager: Shutting down and abandoning module AutomationWindow (145)
[2017.01.15-18.24.09:266][ 66]LogModuleManager: Shutting down and abandoning module Layers (144)
[2017.01.15-18.24.09:266][ 66]LogModuleManager: Shutting down and abandoning module ComponentVisualizers (143)
[2017.01.15-18.24.09:266][ 66]LogModuleManager: Shutting down and abandoning module DetailCustomizations (142)
[2017.01.15-18.24.09:266][ 66]LogModuleManager: Shutting down and abandoning module PackagesDialog (141)
[2017.01.15-18.24.09:266][ 66]LogModuleManager: Shutting down and abandoning module Persona (140)
[2017.01.15-18.24.09:266][ 66]LogModuleManager: Shutting down and abandoning module Kismet (139)
[2017.01.15-18.24.09:266][ 66]LogModuleManager: Shutting down and abandoning module GraphEditor (138)
[2017.01.15-18.24.09:266][ 66]LogModuleManager: Shutting down and abandoning module ClassViewer (137)
[2017.01.15-18.24.09:266][ 66]LogModuleManager: Shutting down and abandoning module Toolbox (136)
[2017.01.15-18.24.09:266][ 66]LogModuleManager: Shutting down and abandoning module ModuleUI (135)
[2017.01.15-18.24.09:266][ 66]LogModuleManager: Shutting down and abandoning module MovieSceneTools (134)
[2017.01.15-18.24.09:266][ 66]LogModuleManager: Shutting down and abandoning module OutputLog (133)
[2017.01.15-18.24.09:266][ 66]LogModuleManager: Shutting down and abandoning module GammaUI (132)
[2017.01.15-18.24.09:266][ 66]LogModuleManager: Shutting down and abandoning module Documentation (131)
[2017.01.15-18.24.09:266][ 66]LogModuleManager: Shutting down and abandoning module GameLiveStreaming (130)
[2017.01.15-18.24.09:266][ 66]LogModuleManager: Shutting down and abandoning module StreamingPauseRendering (129)
[2017.01.15-18.24.09:266][ 66]LogModuleManager: Shutting down and abandoning module AnalyticsET (128)
[2017.01.15-18.24.09:266][ 66]LogModuleManager: Shutting down and abandoning module Analytics (127)
[2017.01.15-18.24.09:266][ 66]LogModuleManager: Shutting down and abandoning module AITestSuite (126)
[2017.01.15-18.24.09:266][ 66]LogModuleManager: Shutting down and abandoning module GameplayDebugger (125)
[2017.01.15-18.24.09:266][ 66]LogModuleManager: Shutting down and abandoning module AIModule (124)
[2017.01.15-18.24.09:266][ 66]LogModuleManager: Shutting down and abandoning module ProfilerService (123)
[2017.01.15-18.24.09:489][ 66]LogModuleManager: Shutting down and abandoning module TaskGraph (122)
[2017.01.15-18.24.09:489][ 66]LogModuleManager: Shutting down and abandoning module SlateRemote (121)
[2017.01.15-18.24.09:489][ 66]LogModuleManager: Shutting down and abandoning module SteamVRController (120)
[2017.01.15-18.24.09:489][ 66]LogModuleManager: Shutting down and abandoning module SteamVR (119)
[2017.01.15-18.24.09:489][ 66]LogModuleManager: Shutting down and abandoning module ProceduralMeshComponent (118)
[2017.01.15-18.24.09:489][ 66]LogModuleManager: Shutting down and abandoning module OculusLibrary (117)
[2017.01.15-18.24.09:489][ 66]LogModuleManager: Shutting down and abandoning module OculusInput (116)
[2017.01.15-18.24.09:489][ 66]LogModuleManager: Shutting down and abandoning module LeapMotionController (115)
[2017.01.15-18.24.09:505][ 66]LogModuleManager: Shutting down and abandoning module CustomMeshComponent (114)
[2017.01.15-18.24.09:505][ 66]LogModuleManager: Shutting down and abandoning module CableComponent (113)
[2017.01.15-18.24.09:505][ 66]LogModuleManager: Shutting down and abandoning module ArchVisCharacter (112)
[2017.01.15-18.24.09:505][ 66]LogModuleManager: Shutting down and abandoning module MessagingDebugger (111)
[2017.01.15-18.24.09:505][ 66]LogModuleManager: Shutting down and abandoning module MediaPlayerEditor (110)
[2017.01.15-18.24.09:505][ 66]LogModuleManager: Shutting down and abandoning module HTML5Networking (109)
[2017.01.15-18.24.09:505][ 66]LogModuleManager: Shutting down and abandoning module SpeedTreeImporter (108)
[2017.01.15-18.24.09:505][ 66]LogModuleManager: Shutting down and abandoning module PluginBrowser (107)
[2017.01.15-18.24.09:505][ 66]LogModuleManager: Shutting down and abandoning module EpicSurvey (106)
[2017.01.15-18.24.09:505][ 66]LogModuleManager: Shutting down and abandoning module DesktopPlatform (105)
[2017.01.15-18.24.09:505][ 66]LogModuleManager: Shutting down and abandoning module VisualStudioSourceCodeAccess (104)
[2017.01.15-18.24.09:505][ 66]LogModuleManager: Shutting down and abandoning module UObjectPlugin (103)
[2017.01.15-18.24.09:505][ 66]LogModuleManager: Shutting down and abandoning module SubversionSourceControl (102)
[2017.01.15-18.24.09:505][ 66]LogModuleManager: Shutting down and abandoning module PerforceSourceControl (101)
[2017.01.15-18.24.09:505][ 66]LogModuleManager: Shutting down and abandoning module SourceControl (100)
[2017.01.15-18.24.09:505][ 66]LogModuleManager: Shutting down and abandoning module GitSourceControl (99)
[2017.01.15-18.24.09:505][ 66]LogModuleManager: Shutting down and abandoning module LightPropagationVolumeEditor (98)
[2017.01.15-18.24.09:505][ 66]LogModuleManager: Shutting down and abandoning module PaperTiledImporter (97)
[2017.01.15-18.24.09:505][ 66]LogModuleManager: Shutting down and abandoning module PaperSpriteSheetImporter (96)
[2017.01.15-18.24.09:505][ 66]LogModuleManager: Shutting down and abandoning module MeshPaint (95)
[2017.01.15-18.24.09:505][ 66]LogModuleManager: Shutting down and abandoning module SlateReflector (94)
[2017.01.15-18.24.09:505][ 66]LogModuleManager: Shutting down and abandoning module HotReload (93)
[2017.01.15-18.24.09:505][ 66]LogModuleManager: Shutting down and abandoning module MainFrame (92)
[2017.01.15-18.24.09:505][ 66]LogModuleManager: Shutting down and abandoning module LevelEditor (91)
[2017.01.15-18.24.09:506][ 66]LogModuleManager: Shutting down and abandoning module DirectoryWatcher (90)
[2017.01.15-18.24.09:506][ 66]LogModuleManager: Shutting down and abandoning module AssetRegistry (89)
[2017.01.15-18.24.09:587][ 66]LogModuleManager: Shutting down and abandoning module ContentBrowser (88)
[2017.01.15-18.24.09:588][ 66]LogModuleManager: Shutting down and abandoning module Paper2DEditor (87)
[2017.01.15-18.24.09:588][ 66]LogModuleManager: Shutting down and abandoning module UdpMessaging (86)
[2017.01.15-18.24.09:688][ 66]LogModuleManager: Shutting down and abandoning module LightPropagationVolumeRuntime (85)
[2017.01.15-18.24.09:688][ 66]LogModuleManager: Shutting down and abandoning module Paper2D (84)
[2017.01.15-18.24.09:688][ 66]LogModuleManager: Shutting down and abandoning module WindowsMoviePlayer (83)
[2017.01.15-18.24.09:690][ 66]LogModuleManager: Shutting down and abandoning module Media (82)
[2017.01.15-18.24.09:690][ 66]LogModuleManager: Shutting down and abandoning module WmfMedia (81)
[2017.01.15-18.24.09:690][ 66]LogModuleManager: Shutting down and abandoning module OnlineBlueprintSupport (80)
[2017.01.15-18.24.09:690][ 66]LogModuleManager: Shutting down and abandoning module GameplayTasksEditor (79)
[2017.01.15-18.24.09:690][ 66]LogModuleManager: Shutting down and abandoning module PropertyEditor (78)
[2017.01.15-18.24.09:690][ 66]LogModuleManager: Shutting down and abandoning module BehaviorTreeEditor (77)
[2017.01.15-18.24.09:690][ 66]LogModuleManager: Shutting down and abandoning module FunctionalTesting (76)
[2017.01.15-18.24.09:690][ 66]LogModuleManager: Shutting down and abandoning module CollisionAnalyzer (75)
[2017.01.15-18.24.09:690][ 66]LogModuleManager: Shutting down and abandoning module WorkspaceMenuStructure (74)
[2017.01.15-18.24.09:690][ 66]LogModuleManager: Shutting down and abandoning module MessageLog (73)
[2017.01.15-18.24.09:690][ 66]LogModuleManager: Shutting down and abandoning module Sequencer (72)
[2017.01.15-18.24.09:691][ 66]LogModuleManager: Shutting down and abandoning module AssetTools (71)
[2017.01.15-18.24.09:691][ 66]LogModuleManager: Shutting down and abandoning module UMGEditor (70)
[2017.01.15-18.24.09:691][ 66]LogModuleManager: Shutting down and abandoning module UMG (69)
[2017.01.15-18.24.09:691][ 66]LogModuleManager: Shutting down and abandoning module Slate (68)
[2017.01.15-18.24.09:691][ 66]LogModuleManager: Shutting down and abandoning module EditorStyle (67)
[2017.01.15-18.24.09:692][ 66]LogModuleManager: Shutting down and abandoning module SessionServices (66)
[2017.01.15-18.24.09:692][ 66]LogModuleManager: Shutting down and abandoning module SourceCodeAccess (65)
[2017.01.15-18.24.09:692][ 66]LogModuleManager: Shutting down and abandoning module HeadMountedDisplay (64)
[2017.01.15-18.24.09:692][ 66]LogModuleManager: Shutting down and abandoning module XAudio2 (63)
[2017.01.15-18.24.09:692][ 66]LogModuleManager: Shutting down and abandoning module Networking (61)
[2017.01.15-18.24.09:692][ 66]LogModuleManager: Shutting down and abandoning module Core (60)
[2017.01.15-18.24.09:692][ 66]LogModuleManager: Shutting down and abandoning module KismetCompiler (59)
[2017.01.15-18.24.09:692][ 66]LogModuleManager: Shutting down and abandoning module PhysXFormats (58)
[2017.01.15-18.24.09:692][ 66]LogModuleManager: Shutting down and abandoning module MeshUtilities (57)
[2017.01.15-18.24.09:692][ 66]LogModuleManager: Shutting down and abandoning module DerivedDataCache (56)
[2017.01.15-18.24.09:711][ 66]LogDerivedDataCache: Shutdown
[2017.01.15-18.24.09:711][ 66]LogModuleManager: Shutting down and abandoning module ShaderFormatOpenGL (55)
[2017.01.15-18.24.09:712][ 66]LogModuleManager: Shutting down and abandoning module ShaderFormatD3D (54)
[2017.01.15-18.24.09:712][ 66]LogModuleManager: Shutting down and abandoning module MetalShaderFormat (53)
[2017.01.15-18.24.09:712][ 66]LogModuleManager: Shutting down and abandoning module TextureFormatUncompressed (52)
[2017.01.15-18.24.09:712][ 66]LogModuleManager: Shutting down and abandoning module TextureFormatPVR (51)
[2017.01.15-18.24.09:712][ 66]LogModuleManager: Shutting down and abandoning module TextureFormatIntelISPCTexComp (50)
[2017.01.15-18.24.09:712][ 66]LogModuleManager: Shutting down and abandoning module TextureFormatDXT (49)
[2017.01.15-18.24.09:712][ 66]LogModuleManager: Shutting down and abandoning module ImageWrapper (48)
[2017.01.15-18.24.09:712][ 66]LogModuleManager: Shutting down and abandoning module TextureFormatASTC (47)
[2017.01.15-18.24.09:712][ 66]LogModuleManager: Shutting down and abandoning module TextureFormatAndroid (46)
[2017.01.15-18.24.09:712][ 66]LogModuleManager: Shutting down and abandoning module AudioFormatOpus (45)
[2017.01.15-18.24.09:712][ 66]LogModuleManager: Shutting down and abandoning module AudioFormatOgg (44)
[2017.01.15-18.24.09:712][ 66]LogModuleManager: Shutting down and abandoning module AudioFormatADPCM (43)
[2017.01.15-18.24.09:712][ 66]LogModuleManager: Shutting down and abandoning module LinuxTargetPlatform (42)
[2017.01.15-18.24.09:712][ 66]LogModuleManager: Shutting down and abandoning module LinuxServerTargetPlatform (41)
[2017.01.15-18.24.09:712][ 66]LogModuleManager: Shutting down and abandoning module LinuxNoEditorTargetPlatform (40)
[2017.01.15-18.24.09:712][ 66]LogModuleManager: Shutting down and abandoning module Messaging (39)
[2017.01.15-18.24.09:712][ 66]LogModuleManager: Shutting down and abandoning module IOSTargetPlatform (38)
[2017.01.15-18.24.09:712][ 66]LogModuleManager: Shutting down and abandoning module HTML5TargetPlatform (37)
[2017.01.15-18.24.09:712][ 66]LogModuleManager: Shutting down and abandoning module Android_PVRTCTargetPlatform (36)
[2017.01.15-18.24.09:712][ 66]LogModuleManager: Shutting down and abandoning module Android_MultiTargetPlatform (35)
[2017.01.15-18.24.09:712][ 66]LogModuleManager: Shutting down and abandoning module Android_ETC2TargetPlatform (34)
[2017.01.15-18.24.09:712][ 66]LogModuleManager: Shutting down and abandoning module Android_ETC1TargetPlatform (33)
[2017.01.15-18.24.09:712][ 66]LogModuleManager: Shutting down and abandoning module Android_DXTTargetPlatform (32)
[2017.01.15-18.24.09:712][ 66]LogModuleManager: Shutting down and abandoning module Android_ATCTargetPlatform (31)
[2017.01.15-18.24.09:712][ 66]LogModuleManager: Shutting down and abandoning module Android_ASTCTargetPlatform (30)
[2017.01.15-18.24.09:712][ 66]LogModuleManager: Shutting down and abandoning module AndroidTargetPlatform (29)
[2017.01.15-18.24.09:712][ 66]LogModuleManager: Shutting down and abandoning module WindowsTargetPlatform (28)
[2017.01.15-18.24.09:712][ 66]LogModuleManager: Shutting down and abandoning module WindowsServerTargetPlatform (27)
[2017.01.15-18.24.09:712][ 66]LogModuleManager: Shutting down and abandoning module WindowsNoEditorTargetPlatform (26)
[2017.01.15-18.24.09:712][ 66]LogModuleManager: Shutting down and abandoning module WindowsClientTargetPlatform (25)
[2017.01.15-18.24.09:712][ 66]LogModuleManager: Shutting down and abandoning module AllDesktopTargetPlatform (24)
[2017.01.15-18.24.09:712][ 66]LogModuleManager: Shutting down and abandoning module TargetPlatform (23)
[2017.01.15-18.24.09:712][ 66]LogModuleManager: Shutting down and abandoning module InputCore (22)
[2017.01.15-18.24.09:712][ 66]LogModuleManager: Shutting down and abandoning module Settings (21)
[2017.01.15-18.24.09:712][ 66]LogModuleManager: Shutting down and abandoning module OnlineSubsystem (19)
[2017.01.15-18.24.09:712][ 66]LogModuleManager: Shutting down and abandoning module HTTP (18)
[2017.01.15-18.24.11:714][ 66]LogModuleManager: Shutting down and abandoning module XMPP (17)
[2017.01.15-18.24.11:714][ 66]LogModuleManager: Shutting down and abandoning module OculusRift (16)
[2017.01.15-18.24.11:714][ 66]LogModuleManager: Shutting down and abandoning module ExampleDeviceProfileSelector (15)
[2017.01.15-18.24.11:714][ 66]LogModuleManager: Shutting down and abandoning module TextureCompressor (14)
[2017.01.15-18.24.11:714][ 66]LogModuleManager: Shutting down and abandoning module ShaderCore (13)
[2017.01.15-18.24.11:714][ 66]LogModuleManager: Shutting down and abandoning module Landscape (12)
[2017.01.15-18.24.11:714][ 66]LogModuleManager: Shutting down and abandoning module SlateRHIRenderer (11)
[2017.01.15-18.24.11:715][ 66]LogModuleManager: Shutting down and abandoning module OpenGLDrv (10)
[2017.01.15-18.24.11:715][ 66]LogModuleManager: Shutting down and abandoning module D3D11RHI (9)
[2017.01.15-18.24.11:715][ 66]LogModuleManager: Shutting down and abandoning module AnimGraphRuntime (8)
[2017.01.15-18.24.11:715][ 66]LogModuleManager: Shutting down and abandoning module Renderer (7)
[2017.01.15-18.24.11:715][ 66]LogModuleManager: Shutting down and abandoning module Engine (6)
[2017.01.15-18.24.11:715][ 66]LogModuleManager: Shutting down and abandoning module CoreUObject (5)
[2017.01.15-18.24.11:715][ 66]LogModuleManager: Shutting down and abandoning module NetworkFile (4)
[2017.01.15-18.24.11:715][ 66]LogModuleManager: Shutting down and abandoning module StreamingFile (3)
[2017.01.15-18.24.11:715][ 66]LogModuleManager: Shutting down and abandoning module SandboxFile (2)
[2017.01.15-18.24.11:715][ 66]LogModuleManager: Shutting down and abandoning module PakFile (1)
[2017.01.15-18.24.11:716][ 66]LogExit: Exiting.
[2017.01.15-18.24.11:717][ 66]Log file closed, 01/15/17 14:24:11
