[2017.01.25-18.30.58:262][  0]Log file open, 01/25/17 14:30:58
[2017.01.25-18.30.58:262][  0]LogInit:Display: Running engine for game: AIProject4_10
[2017.01.25-18.30.58:262][  0]LogPlatformFile: Not using cached read wrapper
[2017.01.25-18.30.58:262][  0]LogInit:Display: RandInit(-71051869) SRandInit(-71051868).
[2017.01.25-18.30.58:262][  0]LogTaskGraph: Started task graph with 4 named threads and 7 total threads.
[2017.01.25-18.30.58:262][  0]LogStats: Stats thread started at 0.078598
[2017.01.25-18.30.58:262][  0]LogInit: Version: 4.10.4-2872498+++depot+UE4-Releases+4.10
[2017.01.25-18.30.58:262][  0]LogInit: API Version: 2758231
[2017.01.25-18.30.58:262][  0]LogInit: Compiled (64-bit): Feb 18 2016 15:47:04
[2017.01.25-18.30.58:262][  0]LogInit: Compiled with Visual C++: 19.00.23026.00
[2017.01.25-18.30.58:262][  0]LogInit: Build Configuration: Development
[2017.01.25-18.30.58:262][  0]LogInit: Branch Name: ++depot+UE4-Releases+4.10
[2017.01.25-18.30.58:262][  0]LogInit: Command line:  
[2017.01.25-18.30.58:262][  0]LogInit: Base directory: C:/Program Files (x86)/Epic Games/4.10/Engine/Binaries/Win64/
[2017.01.25-18.30.58:262][  0]LogInit: Rocket: 1
[2017.01.25-18.30.58:268][  0]LogInit: Using libcurl 7.41.0
[2017.01.25-18.30.58:268][  0]LogInit:  - built for x86_64-pc-win32
[2017.01.25-18.30.58:268][  0]LogInit:  - supports SSL with WinSSL
[2017.01.25-18.30.58:268][  0]LogInit:  - other features:
[2017.01.25-18.30.58:268][  0]LogInit:      CURL_VERSION_SSL
[2017.01.25-18.30.58:268][  0]LogInit:      CURL_VERSION_IPV6
[2017.01.25-18.30.58:268][  0]LogInit:      CURL_VERSION_ASYNCHDNS
[2017.01.25-18.30.58:268][  0]LogInit:      CURL_VERSION_LARGEFILE
[2017.01.25-18.30.58:268][  0]LogInit:      CURL_VERSION_IDN
[2017.01.25-18.30.58:268][  0]LogInit:  CurlRequestOptions (configurable via config and command line):
[2017.01.25-18.30.58:268][  0]LogInit:  - bVerifyPeer = true  - Libcurl will verify peer certificate
[2017.01.25-18.30.58:268][  0]LogInit:  - bUseHttpProxy = false  - Libcurl will NOT use HTTP proxy
[2017.01.25-18.30.58:268][  0]LogInit:  - bDontReuseConnections = false  - Libcurl will reuse connections
[2017.01.25-18.30.58:268][  0]LogInit:  - CertBundlePath = nullptr  - Libcurl will use whatever was configured at build time.
[2017.01.25-18.30.58:274][  0]LogInit: Presizing for 0 objects not considered by GC, pre-allocating 0 bytes.
[2017.01.25-18.30.58:278][  0]LogInit: Object subsystem initialized
[2017.01.25-18.30.58:279][  0]LogInit: Selected Device Profile: [Windows]
[2017.01.25-18.30.58:279][  0]LogInit: Applying CVar settings loaded from the selected device profile: [Windows]
[2017.01.25-18.30.58:285][  0]LogInit: Computer: JAPPAMACHINE
[2017.01.25-18.30.58:285][  0]LogInit: User: Jappa
[2017.01.25-18.30.58:285][  0]LogInit: CPU Page size=4096, Cores=4
[2017.01.25-18.30.58:285][  0]LogInit: High frequency timer resolution =3.906246 MHz
[2017.01.25-18.30.58:285][  0]LogMemory: Memory total: Physical=7.9GB (8GB approx)
[2017.01.25-18.30.58:285][  0]LogMemory: Platform Memory Stats for Windows
[2017.01.25-18.30.58:285][  0]LogMemory: Process Physical Memory: 56.67 MB used, 56.67 MB peak
[2017.01.25-18.30.58:285][  0]LogMemory: Process Virtual Memory: 57.07 MB used, 57.07 MB peak
[2017.01.25-18.30.58:285][  0]LogMemory: Physical Memory: 5893.75 MB used, 8053.11 MB total
[2017.01.25-18.30.58:285][  0]LogMemory: Virtual Memory: 369.14 MB used, 134217728.00 MB total
[2017.01.25-18.30.58:316][  0]LogTextLocalizationManager: No specific translations for ('en-US') exist, so ('en') translations will be used.
[2017.01.25-18.30.58:628][  0]LogD3D11RHI: Found D3D11 adapter 0: NVIDIA GeForce GTX 750 Ti (Feature Level 11_0)
[2017.01.25-18.30.58:628][  0]LogD3D11RHI: Adapter has 2016MB of dedicated video memory, 0MB of dedicated system memory, and 4026MB of shared system memory, 2 output[s]
[2017.01.25-18.30.58:634][  0]LogD3D11RHI: Found D3D11 adapter 1: Intel(R) HD Graphics 4600 (Feature Level 11_0)
[2017.01.25-18.30.58:634][  0]LogD3D11RHI: Adapter has 112MB of dedicated video memory, 0MB of dedicated system memory, and 2048MB of shared system memory, 0 output[s]
[2017.01.25-18.30.58:635][  0]LogD3D11RHI: Found D3D11 adapter 2: Microsoft Basic Render Driver (Feature Level 11_0)
[2017.01.25-18.30.58:635][  0]LogD3D11RHI: Adapter has 0MB of dedicated video memory, 0MB of dedicated system memory, and 4026MB of shared system memory, 0 output[s]
[2017.01.25-18.30.58:635][  0]LogD3D11RHI: Chosen D3D11 Adapter Id = 0
[2017.01.25-18.30.58:639][  0]LogD3D11RHI: !Direct3DDevice
[2017.01.25-18.30.58:639][  0]LogRHI: Texture pool is 1361 MB (70% of 1945 MB)
[2017.01.25-18.30.58:652][  0]LogD3D11RHI: Async texture creation enabled
[2017.01.25-18.30.58:661][  0]LogShaderCompilers: Guid format shader working directory is -30 characters bigger than the processId version (../../../../../../Users/Jappa/Documents/GitHub/AiPrototype4.10/AIProject4_10/Intermediate/Shaders/WorkingDirectory/5440/).
[2017.01.25-18.30.58:661][  0]LogShaderCompilers: Cleaned the shader compiler working directory 'C:/Users/Jappa/AppData/Local/Temp/UnrealShaderWorkingDir/C32983A2463DCBD6D1B76198C63E93F3/'.
[2017.01.25-18.30.58:661][  0]LogShaderCompilers:Display: Using Local Shader Compiler.
[2017.01.25-18.30.59:310][  0]LogTemp:Display: Loaded TP AllDesktopTargetPlatform
[2017.01.25-18.30.59:315][  0]LogTemp:Display: Loaded TP WindowsClientTargetPlatform
[2017.01.25-18.30.59:319][  0]LogTemp:Display: Loaded TP WindowsNoEditorTargetPlatform
[2017.01.25-18.30.59:324][  0]LogTemp:Display: Loaded TP WindowsServerTargetPlatform
[2017.01.25-18.30.59:329][  0]LogTemp:Display: Loaded TP WindowsTargetPlatform
[2017.01.25-18.30.59:333][  0]LogTemp:Display: Loaded TP AndroidTargetPlatform
[2017.01.25-18.30.59:336][  0]LogTemp:Display: Loaded TP Android_ASTCTargetPlatform
[2017.01.25-18.30.59:340][  0]LogTemp:Display: Loaded TP Android_ATCTargetPlatform
[2017.01.25-18.30.59:343][  0]LogTemp:Display: Loaded TP Android_DXTTargetPlatform
[2017.01.25-18.30.59:347][  0]LogTemp:Display: Loaded TP Android_ETC1TargetPlatform
[2017.01.25-18.30.59:350][  0]LogTemp:Display: Loaded TP Android_ETC2TargetPlatform
[2017.01.25-18.30.59:357][  0]LogTemp:Display: Loaded TP Android_MultiTargetPlatform
[2017.01.25-18.30.59:357][  0]LogTemp:Display: Loaded TP Android_PVRTCTargetPlatform
[2017.01.25-18.30.59:359][  0]LogTemp:Display: Loaded TP HTML5TargetPlatform
[2017.01.25-18.30.59:383][  0]LogTemp:Display: Loaded TP IOSTargetPlatform
[2017.01.25-18.30.59:387][  0]LogTemp:Display: Loaded TP LinuxNoEditorTargetPlatform
[2017.01.25-18.30.59:390][  0]LogTemp:Display: Loaded TP LinuxServerTargetPlatform
[2017.01.25-18.30.59:395][  0]LogTemp:Display: Loaded TP LinuxTargetPlatform
[2017.01.25-18.30.59:395][  0]LogTargetPlatformManager:Display: Building Assets For Windows
[2017.01.25-18.30.59:501][  0]LogDerivedDataCache:Display: Max Cache Size: 512 MB
[2017.01.25-18.30.59:700][  0]LogDerivedDataCache: Loaded boot cache 0.20s 41MB C:/Users/Jappa/AppData/Local/UnrealEngine/4.10/DerivedDataCache/Boot.ddc.
[2017.01.25-18.30.59:700][  0]LogDerivedDataCache:Display: Loaded Boot cache: C:/Users/Jappa/AppData/Local/UnrealEngine/4.10/DerivedDataCache/Boot.ddc
[2017.01.25-18.30.59:700][  0]LogDerivedDataCache: FDerivedDataBackendGraph:  Pak pak cache file ../../../../../../Users/Jappa/Documents/GitHub/AiPrototype4.10/AIProject4_10/DerivedDataCache/DDC.ddp not found, will not use a pak cache.
[2017.01.25-18.30.59:700][  0]LogDerivedDataCache: Unable to find inner node Pak for hierarchical cache Hierarchy.
[2017.01.25-18.30.59:700][  0]LogDerivedDataCache: FDerivedDataBackendGraph:  CompressedPak pak cache file ../../../../../../Users/Jappa/Documents/GitHub/AiPrototype4.10/AIProject4_10/DerivedDataCache/Compressed.ddp not found, will not use a pak cache.
[2017.01.25-18.30.59:700][  0]LogDerivedDataCache: Unable to find inner node CompressedPak for hierarchical cache Hierarchy.
[2017.01.25-18.30.59:752][  0]LogDerivedDataCache:Display: Pak cache opened for reading ../../../Engine/DerivedDataCache/Compressed.ddp.
[2017.01.25-18.30.59:764][  0]LogDerivedDataCache: Using Local data cache path C:/Users/Jappa/AppData/Local/UnrealEngine/Common/DerivedDataCache: Writable
[2017.01.25-18.31.00:257][  0]LogInit: Selected Device Profile: [Windows]
[2017.01.25-18.31.00:267][  0]LogContentStreaming: Texture pool size is 0.000000MB
[2017.01.25-18.31.00:420][  0]LogMeshUtilities: No automatic mesh reduction module available
[2017.01.25-18.31.00:420][  0]LogMeshUtilities: No automatic mesh merging module available
[2017.01.25-18.31.00:760][  0]LogInit: WinSock: version 1.1 (2.2), MaxSocks=32767, MaxUdp=65467
[2017.01.25-18.31.02:086][  0]UdpMessaging: Initializing bridge on interface 0.0.0.0:0 to multicast group 230.0.0.1:6666.
[2017.01.25-18.31.02:226][  0]LogAssetRegistry: FAssetRegistry took 0.0121 seconds to start up
[2017.01.25-18.31.02:465][  0]SourceControl: Info Source control is disabled
[2017.01.25-18.31.02:467][  0]SourceControl: Info Source control is disabled
[2017.01.25-18.31.02:481][  0]SourceControl: Info Source control is disabled
[2017.01.25-18.31.02:493][  0]SourceControl: Info Source control is disabled
[2017.01.25-18.31.02:744][  0]LogObj: 28633 objects as part of root set at end of initial load.
[2017.01.25-18.31.02:744][  0]LogUObjectAllocator: 6099752 out of 0 bytes used by permanent object pool.
[2017.01.25-18.31.02:835][  0]LogEngine: Initializing Engine...
[2017.01.25-18.31.02:838][  0]LogHMD: Can't find Oculus library dev build: is proper Runtime installed? Version: 0.8.0.0
[2017.01.25-18.31.03:006][  0]LogHMD: SteamVR failed to initialize.  Err: 108
[2017.01.25-18.31.03:137][  0]LogAIModule: Creating AISystem for world NewWorld
[2017.01.25-18.31.03:159][  0]LogInit: XAudio2 using 'Speakers (Yeti Stereo Microphone)' : 2 channels at 44.1 kHz using 16 bits per sample (channel mask 0x3)
[2017.01.25-18.31.03:172][  0]LogInit: FAudioDevice initialized.
[2017.01.25-18.31.03:188][  0]LogDerivedDataCache: Saved boot cache 0.02s 41MB C:/Users/Jappa/AppData/Local/UnrealEngine/4.10/DerivedDataCache/Boot.ddc.
[2017.01.25-18.31.03:190][  0]LogInit: Texture streaming: Enabled
[2017.01.25-18.31.03:198][  0]LogAnalytics: Creating configured Analytics provider AnalyticsET
[2017.01.25-18.31.03:198][  0]LogAnalytics: [UEEditor.Rocket.Release] APIServer = http://et2.epicgames.com/ET2/. AppVersion = 4.10.4-2872498+++depot+UE4-Releases+4.10
[2017.01.25-18.31.03:198][  0]LogAnalytics: [UEEditor.Rocket.Release] SetUserId 49a7f7e34660f286ad8e2c921bb99aca|35554f692dfd40ceae915f236b531199|3c7f4420-3815-4005-889a-878607e09a45
[2017.01.25-18.31.03:199][  0]LogAnalytics: [UEEditor.Rocket.Release] AnalyticsET::StartSession
[2017.01.25-18.31.03:211][  0]LogWindowsTextInputMethodSystem:Display: IME system now deactivated.
[2017.01.25-18.31.03:252][  0]LogInit: Transaction tracking system initialized
[2017.01.25-18.31.03:323][  0]BlueprintLog: New page: Editor Load
[2017.01.25-18.31.03:528][  0]LocalizationService: Info Localization service is disabled
[2017.01.25-18.31.03:625][  0]LogLinker:Warning: Can't find file '/Game/PuzzleBP/PuzzleOverview'
[2017.01.25-18.31.03:625][  0]LogLinker:Warning: Can't find file '/Game/PuzzleBP/PuzzleOverview'
[2017.01.25-18.31.03:625][  0]LogUObjectGlobals:Warning: Failed to find object 'Class /Game/PuzzleBP/PuzzleOverview.PuzzleOverview_C'
[2017.01.25-18.31.03:653][  0]LogConsoleResponse:Display: 
[2017.01.25-18.31.03:784][  0]LogCook:Display: Done creating registry. It took  0.00s.
[2017.01.25-18.31.03:881][  0]LogFileCache: Scanning file cache for directory 'C:/Users/Jappa/Documents/GitHub/AiPrototype4.10/AIProject4_10/Content/' took 0.01s
[2017.01.25-18.31.03:881][  0]SourceControl: Info Source control is disabled
[2017.01.25-18.31.03:884][  0]Cmd: MAP LOAD FILE="../../../../../../Users/Jappa/Documents/GitHub/AiPrototype4.10/AIProject4_10/Content/ThirdPersonBP/Maps/ThirdPersonExampleMap.umap" TEMPLATE=0 SHOWPROGRESS=1 FEATURELEVEL=3
[2017.01.25-18.31.03:886][  0]LightingResults: New page: Lighting Build
[2017.01.25-18.31.03:899][  0]MapCheck: New page: Map Check
[2017.01.25-18.31.03:899][  0]LightingResults: New page: Lighting Build
[2017.01.25-18.31.03:923][  0]LogParticles: Destroying 0 GPU particle simulations for FXSystem 0x0000021BCD8DB420
[2017.01.25-18.31.04:464][  0]LogLinker:Warning: Asset '../../../../../../Users/Jappa/Documents/GitHub/AiPrototype4.10/AIProject4_10/Content/FirstPerson/Meshes/FirstPersonProjectileMesh.uasset' has been saved with empty engine version. The asset will be loaded but may be incompatible.
[2017.01.25-18.31.04:554][  0]LogLinker:Warning: Asset '../../../../../../Users/Jappa/Documents/GitHub/AiPrototype4.10/AIProject4_10/Content/FirstPersonBP/Blueprints/FirstPersonHUD.uasset' has been saved with empty engine version. The asset will be loaded but may be incompatible.
[2017.01.25-18.31.05:023][  0]LogAIModule: Creating AISystem for world ThirdPersonExampleMap
[2017.01.25-18.31.05:077][  0]LogEditorServer: Finished looking for orphan Actors (0.000 secs)
[2017.01.25-18.31.05:083][  0]Cmd: MAP CHECKDEP NOCLEARLOG
[2017.01.25-18.31.05:136][  0]MapCheck: Info Map check complete: 0 Error(s), 0 Warning(s), took 53.106ms to complete.
[2017.01.25-18.31.05:137][  0]LogFileHelpers: Loading map 'ThirdPersonExampleMap' took 1.255
[2017.01.25-18.31.05:333][  0]LogCollectionManager: Loaded 0 collections in 0.001661 seconds
[2017.01.25-18.31.05:393][  0]LogFileCache: Scanning file cache for directory 'C:/Users/Jappa/Documents/GitHub/AiPrototype4.10/AIProject4_10/Saved/Collections/' took 0.01s
[2017.01.25-18.31.05:393][  0]LogFileCache: Scanning file cache for directory 'C:/Users/Jappa/Documents/GitHub/AiPrototype4.10/AIProject4_10/Content/Developers/Jappa/Collections/' took 0.01s
[2017.01.25-18.31.05:393][  0]LogFileCache: Scanning file cache for directory 'C:/Users/Jappa/Documents/GitHub/AiPrototype4.10/AIProject4_10/Content/Collections/' took 0.01s
[2017.01.25-18.31.05:393][  0]LogCollectionManager: Rebuilt the GUID cache for 0 collections in 0.000001 seconds
[2017.01.25-18.31.05:400][  0]LogContentBrowser: Native class hierarchy populated in 0.0060 seconds. Added 1893 classes and 338 folders.
[2017.01.25-18.31.05:411][  0]LogContentBrowser: Native class hierarchy updated for 'WidgetCarousel' in 0.0003 seconds. Added 0 classes and 0 folders.
[2017.01.25-18.31.05:527][  0]LogContentBrowser: Native class hierarchy updated for 'AddContentDialog' in 0.0003 seconds. Added 0 classes and 0 folders.
[2017.01.25-18.31.05:540][  0]LogContentBrowser: Native class hierarchy updated for 'SceneOutliner' in 0.0003 seconds. Added 1 classes and 2 folders.
[2017.01.25-18.31.05:679][  0]LogCrashTracker: Crashtracker disabled due to settings.
[2017.01.25-18.31.05:705][  0]LogUObjectGlobals:Warning: Failed to find object 'Class None.'
[2017.01.25-18.31.05:732][  0]LogLoad: Full Startup: 7.82 seconds (BP compile: 0.25 seconds)
[2017.01.25-18.31.05:747][  0]LogOcInput: Can't find Oculus library dev build: is proper Runtime installed? Version: 0.8.0.0
[2017.01.25-18.31.05:819][  0]LogContentStreaming: Texture pool size now 1000 MB
[2017.01.25-18.31.05:967][  1]LogRenderer: Reallocating scene render targets to support 836x500 (Frame:2).
[2017.01.25-18.31.06:191][  5]LogAssetRegistry: Asset discovery search completed in 3.9767 seconds
[2017.01.25-18.31.06:192][  5]LogCollectionManager: Rebuilt the object cache for 0 collections in 0.000001 seconds (found 0 objects)
[2017.01.25-18.31.06:193][  5]LogCollectionManager: Fixed up redirectors for 0 collections in 0.000881 seconds (updated 0 objects)
[2017.01.25-18.31.13:524][789]LogBlueprintUserMessages: Early PlayInEditor Detection: Level '/Game/ThirdPersonBP/Maps/ThirdPersonExampleMap.ThirdPersonExampleMap:PersistentLevel' has LevelScriptBlueprint '/Game/ThirdPersonBP/Maps/ThirdPersonExampleMap.ThirdPersonExampleMap:PersistentLevel.ThirdPersonExampleMap' with GeneratedClass '/Game/ThirdPersonBP/Maps/ThirdPersonExampleMap.ThirdPersonExampleMap_C' with ClassGeneratedBy '/Game/ThirdPersonBP/Maps/ThirdPersonExampleMap.ThirdPersonExampleMap:PersistentLevel.ThirdPersonExampleMap'
[2017.01.25-18.31.13:524][789]LogPlayLevel: PlayLevel: No blueprints needed recompiling
[2017.01.25-18.31.13:525][789]PIE: New page: PIE session: ThirdPersonExampleMap (Jan 25, 2017, 10:31:13 AM)
[2017.01.25-18.31.13:526][789]LogPlayLevel: Creating play world package: /Game/ThirdPersonBP/Maps/UEDPIE_0_ThirdPersonExampleMap
[2017.01.25-18.31.13:552][789]LogPlayLevel: PIE: StaticDuplicateObject took: (0.025870s)
[2017.01.25-18.31.13:552][789]LogAIModule: Creating AISystem for world ThirdPersonExampleMap
[2017.01.25-18.31.13:553][789]LogPlayLevel: PIE: World Init took: (0.000693s)
[2017.01.25-18.31.13:553][789]LogPlayLevel: PIE: Created PIE world by copying editor world from /Game/ThirdPersonBP/Maps/ThirdPersonExampleMap.ThirdPersonExampleMap to /Game/ThirdPersonBP/Maps/UEDPIE_0_ThirdPersonExampleMap.ThirdPersonExampleMap (0.027269s)
[2017.01.25-18.31.13:554][789]LogActorComponent: UnregisterComponent: (/Engine/Transient.CharMoveComp) Not registered. Aborting.
[2017.01.25-18.31.13:554][789]LogActorComponent: UnregisterComponent: (/Engine/Transient.AIPerceptionStimuliSource_GEN_VARIABLE) Not registered. Aborting.
[2017.01.25-18.31.13:554][789]LogActorComponent: UnregisterComponent: (/Engine/Transient.CharacterMovementComponent_0) Not registered. Aborting.
[2017.01.25-18.31.13:601][789]LogInit: XAudio2 using 'Speakers (Yeti Stereo Microphone)' : 2 channels at 44.1 kHz using 16 bits per sample (channel mask 0x3)
[2017.01.25-18.31.13:606][789]LogInit: FAudioDevice initialized.
[2017.01.25-18.31.13:660][789]LogWorld: Game class is 'FirstPersonGameMode_C'
[2017.01.25-18.31.13:670][789]LogWorld: Bringing World /Game/ThirdPersonBP/Maps/UEDPIE_0_ThirdPersonExampleMap.ThirdPersonExampleMap up for play (max tick rate 0) at 2017.01.25-14.31.13
[2017.01.25-18.31.13:670][789]LogActor:Warning: GameSession /Game/ThirdPersonBP/Maps/UEDPIE_0_ThirdPersonExampleMap.ThirdPersonExampleMap:PersistentLevel.GameSession_0 has natively added scene component(s), but none of them were set as the actor's RootComponent - picking one arbitrarily
[2017.01.25-18.31.13:671][789]LogActor:Warning: GameNetworkManager /Game/ThirdPersonBP/Maps/UEDPIE_0_ThirdPersonExampleMap.ThirdPersonExampleMap:PersistentLevel.GameNetworkManager_0 has natively added scene component(s), but none of them were set as the actor's RootComponent - picking one arbitrarily
[2017.01.25-18.31.13:686][789]LogWorld: Bringing up level for play took: 0.020093
[2017.01.25-18.31.13:701][789]PIE: Info Play in editor start time for /Game/ThirdPersonBP/Maps/UEDPIE_0_ThirdPersonExampleMap 0.795
[2017.01.25-18.31.13:701][789]LogBlueprintUserMessages: Late PlayInEditor Detection: Level '/Game/ThirdPersonBP/Maps/ThirdPersonExampleMap.ThirdPersonExampleMap:PersistentLevel' has LevelScriptBlueprint '/Game/ThirdPersonBP/Maps/ThirdPersonExampleMap.ThirdPersonExampleMap:PersistentLevel.ThirdPersonExampleMap' with GeneratedClass '/Game/ThirdPersonBP/Maps/ThirdPersonExampleMap.ThirdPersonExampleMap_C' with ClassGeneratedBy '/Game/ThirdPersonBP/Maps/ThirdPersonExampleMap.ThirdPersonExampleMap:PersistentLevel.ThirdPersonExampleMap'
[2017.01.25-18.31.17:887][286]LogScript:Warning: Accessed None 'CallFunc_GetBlackboardValueAsActor_ReturnValue4'
	Serv_VisionCheck_C /Game/ThirdPersonBP/Maps/UEDPIE_0_ThirdPersonExampleMap.ThirdPersonExampleMap:PersistentLevel.JavierAIContrllr_C_0.BTComponent.Serv_VisionCheck_C_1
	Function /Game/JavierPracticeFolder/Serv_VisionCheck.Serv_VisionCheck_C:ExecuteUbergraph_Serv_VisionCheck:011B
[2017.01.25-18.31.17:888][286]PIE:Error: Error Accessed None 'CallFunc_GetBlackboardValueAsActor_ReturnValue4' from node SetActorLocation in graph 'EventGraph' in blueprint Serv_VisionCheck
[2017.01.25-18.31.48:795][994]LogBlueprintUserMessages: Early EndPlayMap Detection: Level '/Game/ThirdPersonBP/Maps/ThirdPersonExampleMap.ThirdPersonExampleMap:PersistentLevel' has LevelScriptBlueprint '/Game/ThirdPersonBP/Maps/ThirdPersonExampleMap.ThirdPersonExampleMap:PersistentLevel.ThirdPersonExampleMap' with GeneratedClass '/Game/ThirdPersonBP/Maps/ThirdPersonExampleMap.ThirdPersonExampleMap_C' with ClassGeneratedBy '/Game/ThirdPersonBP/Maps/ThirdPersonExampleMap.ThirdPersonExampleMap:PersistentLevel.ThirdPersonExampleMap'
[2017.01.25-18.31.48:833][994]LogBlueprintUserMessages: Late EndPlayMap Detection: Level '/Game/ThirdPersonBP/Maps/ThirdPersonExampleMap.ThirdPersonExampleMap:PersistentLevel' has LevelScriptBlueprint '/Game/ThirdPersonBP/Maps/ThirdPersonExampleMap.ThirdPersonExampleMap:PersistentLevel.ThirdPersonExampleMap' with GeneratedClass '/Game/ThirdPersonBP/Maps/ThirdPersonExampleMap.ThirdPersonExampleMap_C' with ClassGeneratedBy '/Game/ThirdPersonBP/Maps/ThirdPersonExampleMap.ThirdPersonExampleMap:PersistentLevel.ThirdPersonExampleMap'
[2017.01.25-18.31.48:846][994]LogParticles: Destroying 0 GPU particle simulations for FXSystem 0x0000021BE8058900
[2017.01.25-18.31.57:188][961]LogActorComponent: UnregisterComponent: (/Engine/Transient.CharMoveComp) Not registered. Aborting.
[2017.01.25-18.31.58:579][121]LogActorComponent: UnregisterComponent: (/Engine/Transient.CharMoveComp) Not registered. Aborting.
[2017.01.25-18.31.58:643][121]LogWindowsTextInputMethodSystem:Display: IME system now deactivated.
[2017.01.25-18.31.58:825][122]Cmd: QUIT_EDITOR
[2017.01.25-18.31.59:798][122]LogExit: Preparing to exit.
[2017.01.25-18.32.00:223][122]LogExit: Editor shut down
[2017.01.25-18.32.00:224][122]LogExit: Transaction tracking system shut down
[2017.01.25-18.32.00:230][122]LogParticles: Destroying 0 GPU particle simulations for FXSystem 0x0000021BD52ADDA0
[2017.01.25-18.32.00:230][122]LogParticles: Destroying 0 GPU particle simulations for FXSystem 0x0000021BDE2F7880
[2017.01.25-18.32.00:230][122]LogParticles: Destroying 0 GPU particle simulations for FXSystem 0x0000021BDE0B4680
[2017.01.25-18.32.00:370][122]LogExit: Object subsystem successfully closed.
[2017.01.25-18.32.00:387][122]LogD3D11RHI: Shutdown
[2017.01.25-18.32.00:387][122]LogD3D11RHI: CleanupD3DDevice
[2017.01.25-18.32.00:438][122]LogD3D11RHI: ~FD3D11DynamicRHI
[2017.01.25-18.32.00:467][122]LogModuleManager: Shutting down and abandoning module CrashTracker (198)
[2017.01.25-18.32.00:467][122]LogModuleManager: Shutting down and abandoning module SceneOutliner (197)
[2017.01.25-18.32.00:467][122]LogModuleManager: Shutting down and abandoning module SuperSearch (196)
[2017.01.25-18.32.00:467][122]LogModuleManager: Shutting down and abandoning module WidgetCarousel (195)
[2017.01.25-18.32.00:467][122]LogModuleManager: Shutting down and abandoning module AddContentDialog (194)
[2017.01.25-18.32.00:468][122]LogModuleManager: Shutting down and abandoning module EditorWidgets (193)
[2017.01.25-18.32.00:468][122]LogModuleManager: Shutting down and abandoning module CollectionManager (192)
[2017.01.25-18.32.00:469][122]LogModuleManager: Shutting down and abandoning module StatsViewer (191)
[2017.01.25-18.32.00:469][122]LogModuleManager: Shutting down and abandoning module FoliageEdit (190)
[2017.01.25-18.32.00:469][122]LogModuleManager: Shutting down and abandoning module LandscapeEditor (189)
[2017.01.25-18.32.00:470][122]LogModuleManager: Shutting down and abandoning module ActorPickerMode (188)
[2017.01.25-18.32.00:470][122]LogModuleManager: Shutting down and abandoning module GeometryMode (187)
[2017.01.25-18.32.00:470][122]LogModuleManager: Shutting down and abandoning module TextureAlignMode (186)
[2017.01.25-18.32.00:470][122]LogModuleManager: Shutting down and abandoning module BspMode (185)
[2017.01.25-18.32.00:470][122]LogModuleManager: Shutting down and abandoning module PlacementMode (184)
[2017.01.25-18.32.00:470][122]LogModuleManager: Shutting down and abandoning module AutomationWorker (183)
[2017.01.25-18.32.00:470][122]LogModuleManager: Shutting down and abandoning module CharacterAI (182)
[2017.01.25-18.32.00:470][122]LogModuleManager: Shutting down and abandoning module SmartSnapping (181)
[2017.01.25-18.32.00:470][122]LogModuleManager: Shutting down and abandoning module ViewportSnapping (180)
[2017.01.25-18.32.00:470][122]LogModuleManager: Shutting down and abandoning module LogVisualizer (179)
[2017.01.25-18.32.00:471][122]LogModuleManager: Shutting down and abandoning module GameProjectGeneration (178)
[2017.01.25-18.32.00:472][122]LogModuleManager: Shutting down and abandoning module IntroTutorials (177)
[2017.01.25-18.32.00:473][122]LogModuleManager: Shutting down and abandoning module EditorLiveStreaming (176)
[2017.01.25-18.32.00:473][122]LogModuleManager: Shutting down and abandoning module IOSPlatformEditor (175)
[2017.01.25-18.32.00:474][122]LogModuleManager: Shutting down and abandoning module HTML5PlatformEditor (174)
[2017.01.25-18.32.00:474][122]LogModuleManager: Shutting down and abandoning module AndroidDeviceDetection (173)
[2017.01.25-18.32.00:603][122]LogModuleManager: Shutting down and abandoning module AndroidPlatformEditor (172)
[2017.01.25-18.32.00:603][122]LogModuleManager: Shutting down and abandoning module IOSRuntimeSettings (171)
[2017.01.25-18.32.00:603][122]LogModuleManager: Shutting down and abandoning module AndroidRuntimeSettings (170)
[2017.01.25-18.32.00:603][122]LogModuleManager: Shutting down and abandoning module MergeActors (169)
[2017.01.25-18.32.00:603][122]LogModuleManager: Shutting down and abandoning module SizeMap (168)
[2017.01.25-18.32.00:603][122]LogModuleManager: Shutting down and abandoning module TreeMap (167)
[2017.01.25-18.32.00:604][122]LogModuleManager: Shutting down and abandoning module ReferenceViewer (166)
[2017.01.25-18.32.00:604][122]LogModuleManager: Shutting down and abandoning module LocalizationService (165)
[2017.01.25-18.32.00:604][122]LogModuleManager: Shutting down and abandoning module LocalizationDashboard (164)
[2017.01.25-18.32.00:604][122]LogModuleManager: Shutting down and abandoning module HardwareTargeting (163)
[2017.01.25-18.32.00:605][122]LogModuleManager: Shutting down and abandoning module DeviceProfileEditor (162)
[2017.01.25-18.32.00:605][122]LogModuleManager: Shutting down and abandoning module UndoHistory (161)
[2017.01.25-18.32.00:605][122]LogModuleManager: Shutting down and abandoning module GameplayTagsEditor (160)
[2017.01.25-18.32.00:606][122]LogModuleManager: Shutting down and abandoning module UserFeedback (159)
[2017.01.25-18.32.00:606][122]LogModuleManager: Shutting down and abandoning module XmlParser (158)
[2017.01.25-18.32.00:606][122]LogModuleManager: Shutting down and abandoning module Blutility (157)
[2017.01.25-18.32.00:606][122]LogModuleManager: Shutting down and abandoning module ProjectTargetPlatformEditor (156)
[2017.01.25-18.32.00:606][122]LogModuleManager: Shutting down and abandoning module ProjectSettingsViewer (155)
[2017.01.25-18.32.00:606][122]LogModuleManager: Shutting down and abandoning module InputBindingEditor (154)
[2017.01.25-18.32.00:607][122]LogModuleManager: Shutting down and abandoning module EditorSettingsViewer (153)
[2017.01.25-18.32.00:607][122]LogModuleManager: Shutting down and abandoning module SettingsEditor (152)
[2017.01.25-18.32.00:608][122]LogModuleManager: Shutting down and abandoning module ProjectLauncher (151)
[2017.01.25-18.32.00:608][122]LogModuleManager: Shutting down and abandoning module SessionFrontend (150)
[2017.01.25-18.32.00:609][122]LogModuleManager: Shutting down and abandoning module ProfilerClient (149)
[2017.01.25-18.32.00:609][122]LogModuleManager: Shutting down and abandoning module TargetDeviceServices (148)
[2017.01.25-18.32.00:610][122]LogModuleManager: Shutting down and abandoning module DeviceManager (147)
[2017.01.25-18.32.00:610][122]LogModuleManager: Shutting down and abandoning module AutomationController (146)
[2017.01.25-18.32.00:610][122]LogModuleManager: Shutting down and abandoning module AutomationWindow (145)
[2017.01.25-18.32.00:611][122]LogModuleManager: Shutting down and abandoning module Layers (144)
[2017.01.25-18.32.00:612][122]LogModuleManager: Shutting down and abandoning module ComponentVisualizers (143)
[2017.01.25-18.32.00:612][122]LogModuleManager: Shutting down and abandoning module DetailCustomizations (142)
[2017.01.25-18.32.00:612][122]LogModuleManager: Shutting down and abandoning module PackagesDialog (141)
[2017.01.25-18.32.00:613][122]LogModuleManager: Shutting down and abandoning module Persona (140)
[2017.01.25-18.32.00:614][122]LogModuleManager: Shutting down and abandoning module Kismet (139)
[2017.01.25-18.32.00:616][122]LogModuleManager: Shutting down and abandoning module GraphEditor (138)
[2017.01.25-18.32.00:616][122]LogModuleManager: Shutting down and abandoning module ClassViewer (137)
[2017.01.25-18.32.00:616][122]LogModuleManager: Shutting down and abandoning module Toolbox (136)
[2017.01.25-18.32.00:616][122]LogModuleManager: Shutting down and abandoning module ModuleUI (135)
[2017.01.25-18.32.00:616][122]LogModuleManager: Shutting down and abandoning module MovieSceneTools (134)
[2017.01.25-18.32.00:617][122]LogModuleManager: Shutting down and abandoning module OutputLog (133)
[2017.01.25-18.32.00:617][122]LogModuleManager: Shutting down and abandoning module GammaUI (132)
[2017.01.25-18.32.00:617][122]LogModuleManager: Shutting down and abandoning module Documentation (131)
[2017.01.25-18.32.00:617][122]LogModuleManager: Shutting down and abandoning module GameLiveStreaming (130)
[2017.01.25-18.32.00:617][122]LogModuleManager: Shutting down and abandoning module StreamingPauseRendering (129)
[2017.01.25-18.32.00:617][122]LogModuleManager: Shutting down and abandoning module AnalyticsET (128)
[2017.01.25-18.32.00:617][122]LogModuleManager: Shutting down and abandoning module Analytics (127)
[2017.01.25-18.32.00:617][122]LogModuleManager: Shutting down and abandoning module AITestSuite (126)
[2017.01.25-18.32.00:618][122]LogModuleManager: Shutting down and abandoning module GameplayDebugger (125)
[2017.01.25-18.32.00:618][122]LogModuleManager: Shutting down and abandoning module AIModule (124)
[2017.01.25-18.32.00:618][122]LogModuleManager: Shutting down and abandoning module ProfilerService (123)
[2017.01.25-18.32.00:841][122]LogModuleManager: Shutting down and abandoning module TaskGraph (122)
[2017.01.25-18.32.00:842][122]LogModuleManager: Shutting down and abandoning module SlateRemote (121)
[2017.01.25-18.32.00:842][122]LogModuleManager: Shutting down and abandoning module SteamVRController (120)
[2017.01.25-18.32.00:842][122]LogModuleManager: Shutting down and abandoning module SteamVR (119)
[2017.01.25-18.32.00:842][122]LogModuleManager: Shutting down and abandoning module ProceduralMeshComponent (118)
[2017.01.25-18.32.00:842][122]LogModuleManager: Shutting down and abandoning module OculusLibrary (117)
[2017.01.25-18.32.00:842][122]LogModuleManager: Shutting down and abandoning module OculusInput (116)
[2017.01.25-18.32.00:842][122]LogModuleManager: Shutting down and abandoning module LeapMotionController (115)
[2017.01.25-18.32.00:865][122]LogModuleManager: Shutting down and abandoning module CustomMeshComponent (114)
[2017.01.25-18.32.00:865][122]LogModuleManager: Shutting down and abandoning module CableComponent (113)
[2017.01.25-18.32.00:866][122]LogModuleManager: Shutting down and abandoning module ArchVisCharacter (112)
[2017.01.25-18.32.00:866][122]LogModuleManager: Shutting down and abandoning module MessagingDebugger (111)
[2017.01.25-18.32.00:867][122]LogModuleManager: Shutting down and abandoning module MediaPlayerEditor (110)
[2017.01.25-18.32.00:867][122]LogModuleManager: Shutting down and abandoning module HTML5Networking (109)
[2017.01.25-18.32.00:867][122]LogModuleManager: Shutting down and abandoning module SpeedTreeImporter (108)
[2017.01.25-18.32.00:867][122]LogModuleManager: Shutting down and abandoning module PluginBrowser (107)
[2017.01.25-18.32.00:868][122]LogModuleManager: Shutting down and abandoning module EpicSurvey (106)
[2017.01.25-18.32.00:868][122]LogModuleManager: Shutting down and abandoning module DesktopPlatform (105)
[2017.01.25-18.32.00:869][122]LogModuleManager: Shutting down and abandoning module VisualStudioSourceCodeAccess (104)
[2017.01.25-18.32.00:869][122]LogModuleManager: Shutting down and abandoning module UObjectPlugin (103)
[2017.01.25-18.32.00:869][122]LogModuleManager: Shutting down and abandoning module SubversionSourceControl (102)
[2017.01.25-18.32.00:869][122]LogModuleManager: Shutting down and abandoning module PerforceSourceControl (101)
[2017.01.25-18.32.00:871][122]LogModuleManager: Shutting down and abandoning module SourceControl (100)
[2017.01.25-18.32.00:871][122]LogModuleManager: Shutting down and abandoning module GitSourceControl (99)
[2017.01.25-18.32.00:872][122]LogModuleManager: Shutting down and abandoning module LightPropagationVolumeEditor (98)
[2017.01.25-18.32.00:872][122]LogModuleManager: Shutting down and abandoning module PaperTiledImporter (97)
[2017.01.25-18.32.00:872][122]LogModuleManager: Shutting down and abandoning module PaperSpriteSheetImporter (96)
[2017.01.25-18.32.00:872][122]LogModuleManager: Shutting down and abandoning module MeshPaint (95)
[2017.01.25-18.32.00:872][122]LogModuleManager: Shutting down and abandoning module SlateReflector (94)
[2017.01.25-18.32.00:873][122]LogModuleManager: Shutting down and abandoning module HotReload (93)
[2017.01.25-18.32.00:873][122]LogModuleManager: Shutting down and abandoning module MainFrame (92)
[2017.01.25-18.32.00:873][122]LogModuleManager: Shutting down and abandoning module LevelEditor (91)
[2017.01.25-18.32.00:874][122]LogModuleManager: Shutting down and abandoning module DirectoryWatcher (90)
[2017.01.25-18.32.00:874][122]LogModuleManager: Shutting down and abandoning module AssetRegistry (89)
[2017.01.25-18.32.00:929][122]LogModuleManager: Shutting down and abandoning module ContentBrowser (88)
[2017.01.25-18.32.00:929][122]LogModuleManager: Shutting down and abandoning module Paper2DEditor (87)
[2017.01.25-18.32.00:930][122]LogModuleManager: Shutting down and abandoning module UdpMessaging (86)
[2017.01.25-18.32.01:031][122]LogModuleManager: Shutting down and abandoning module LightPropagationVolumeRuntime (85)
[2017.01.25-18.32.01:031][122]LogModuleManager: Shutting down and abandoning module Paper2D (84)
[2017.01.25-18.32.01:031][122]LogModuleManager: Shutting down and abandoning module WindowsMoviePlayer (83)
[2017.01.25-18.32.01:034][122]LogModuleManager: Shutting down and abandoning module Media (82)
[2017.01.25-18.32.01:034][122]LogModuleManager: Shutting down and abandoning module WmfMedia (81)
[2017.01.25-18.32.01:034][122]LogModuleManager: Shutting down and abandoning module OnlineBlueprintSupport (80)
[2017.01.25-18.32.01:034][122]LogModuleManager: Shutting down and abandoning module GameplayTasksEditor (79)
[2017.01.25-18.32.01:034][122]LogModuleManager: Shutting down and abandoning module PropertyEditor (78)
[2017.01.25-18.32.01:034][122]LogModuleManager: Shutting down and abandoning module BehaviorTreeEditor (77)
[2017.01.25-18.32.01:034][122]LogModuleManager: Shutting down and abandoning module FunctionalTesting (76)
[2017.01.25-18.32.01:034][122]LogModuleManager: Shutting down and abandoning module CollisionAnalyzer (75)
[2017.01.25-18.32.01:035][122]LogModuleManager: Shutting down and abandoning module WorkspaceMenuStructure (74)
[2017.01.25-18.32.01:035][122]LogModuleManager: Shutting down and abandoning module MessageLog (73)
[2017.01.25-18.32.01:035][122]LogModuleManager: Shutting down and abandoning module Sequencer (72)
[2017.01.25-18.32.01:036][122]LogModuleManager: Shutting down and abandoning module AssetTools (71)
[2017.01.25-18.32.01:037][122]LogModuleManager: Shutting down and abandoning module UMGEditor (70)
[2017.01.25-18.32.01:038][122]LogModuleManager: Shutting down and abandoning module UMG (69)
[2017.01.25-18.32.01:039][122]LogModuleManager: Shutting down and abandoning module Slate (68)
[2017.01.25-18.32.01:039][122]LogModuleManager: Shutting down and abandoning module EditorStyle (67)
[2017.01.25-18.32.01:041][122]LogModuleManager: Shutting down and abandoning module SessionServices (66)
[2017.01.25-18.32.01:041][122]LogModuleManager: Shutting down and abandoning module SourceCodeAccess (65)
[2017.01.25-18.32.01:041][122]LogModuleManager: Shutting down and abandoning module HeadMountedDisplay (64)
[2017.01.25-18.32.01:041][122]LogModuleManager: Shutting down and abandoning module XAudio2 (63)
[2017.01.25-18.32.01:041][122]LogModuleManager: Shutting down and abandoning module Networking (61)
[2017.01.25-18.32.01:041][122]LogModuleManager: Shutting down and abandoning module Core (60)
[2017.01.25-18.32.01:041][122]LogModuleManager: Shutting down and abandoning module KismetCompiler (59)
[2017.01.25-18.32.01:041][122]LogModuleManager: Shutting down and abandoning module PhysXFormats (58)
[2017.01.25-18.32.01:042][122]LogModuleManager: Shutting down and abandoning module MeshUtilities (57)
[2017.01.25-18.32.01:042][122]LogModuleManager: Shutting down and abandoning module DerivedDataCache (56)
[2017.01.25-18.32.01:306][122]LogDerivedDataCache: Shutdown
[2017.01.25-18.32.01:306][122]LogModuleManager: Shutting down and abandoning module ShaderFormatOpenGL (55)
[2017.01.25-18.32.01:306][122]LogModuleManager: Shutting down and abandoning module ShaderFormatD3D (54)
[2017.01.25-18.32.01:307][122]LogModuleManager: Shutting down and abandoning module MetalShaderFormat (53)
[2017.01.25-18.32.01:307][122]LogModuleManager: Shutting down and abandoning module TextureFormatUncompressed (52)
[2017.01.25-18.32.01:307][122]LogModuleManager: Shutting down and abandoning module TextureFormatPVR (51)
[2017.01.25-18.32.01:307][122]LogModuleManager: Shutting down and abandoning module TextureFormatIntelISPCTexComp (50)
[2017.01.25-18.32.01:307][122]LogModuleManager: Shutting down and abandoning module TextureFormatDXT (49)
[2017.01.25-18.32.01:308][122]LogModuleManager: Shutting down and abandoning module ImageWrapper (48)
[2017.01.25-18.32.01:308][122]LogModuleManager: Shutting down and abandoning module TextureFormatASTC (47)
[2017.01.25-18.32.01:308][122]LogModuleManager: Shutting down and abandoning module TextureFormatAndroid (46)
[2017.01.25-18.32.01:308][122]LogModuleManager: Shutting down and abandoning module AudioFormatOpus (45)
[2017.01.25-18.32.01:308][122]LogModuleManager: Shutting down and abandoning module AudioFormatOgg (44)
[2017.01.25-18.32.01:308][122]LogModuleManager: Shutting down and abandoning module AudioFormatADPCM (43)
[2017.01.25-18.32.01:308][122]LogModuleManager: Shutting down and abandoning module LinuxTargetPlatform (42)
[2017.01.25-18.32.01:308][122]LogModuleManager: Shutting down and abandoning module LinuxServerTargetPlatform (41)
[2017.01.25-18.32.01:309][122]LogModuleManager: Shutting down and abandoning module LinuxNoEditorTargetPlatform (40)
[2017.01.25-18.32.01:310][122]LogModuleManager: Shutting down and abandoning module Messaging (39)
[2017.01.25-18.32.01:310][122]LogModuleManager: Shutting down and abandoning module IOSTargetPlatform (38)
[2017.01.25-18.32.01:310][122]LogModuleManager: Shutting down and abandoning module HTML5TargetPlatform (37)
[2017.01.25-18.32.01:310][122]LogModuleManager: Shutting down and abandoning module Android_PVRTCTargetPlatform (36)
[2017.01.25-18.32.01:310][122]LogModuleManager: Shutting down and abandoning module Android_MultiTargetPlatform (35)
[2017.01.25-18.32.01:310][122]LogModuleManager: Shutting down and abandoning module Android_ETC2TargetPlatform (34)
[2017.01.25-18.32.01:310][122]LogModuleManager: Shutting down and abandoning module Android_ETC1TargetPlatform (33)
[2017.01.25-18.32.01:310][122]LogModuleManager: Shutting down and abandoning module Android_DXTTargetPlatform (32)
[2017.01.25-18.32.01:310][122]LogModuleManager: Shutting down and abandoning module Android_ATCTargetPlatform (31)
[2017.01.25-18.32.01:310][122]LogModuleManager: Shutting down and abandoning module Android_ASTCTargetPlatform (30)
[2017.01.25-18.32.01:310][122]LogModuleManager: Shutting down and abandoning module AndroidTargetPlatform (29)
[2017.01.25-18.32.01:310][122]LogModuleManager: Shutting down and abandoning module WindowsTargetPlatform (28)
[2017.01.25-18.32.01:310][122]LogModuleManager: Shutting down and abandoning module WindowsServerTargetPlatform (27)
[2017.01.25-18.32.01:310][122]LogModuleManager: Shutting down and abandoning module WindowsNoEditorTargetPlatform (26)
[2017.01.25-18.32.01:310][122]LogModuleManager: Shutting down and abandoning module WindowsClientTargetPlatform (25)
[2017.01.25-18.32.01:311][122]LogModuleManager: Shutting down and abandoning module AllDesktopTargetPlatform (24)
[2017.01.25-18.32.01:311][122]LogModuleManager: Shutting down and abandoning module TargetPlatform (23)
[2017.01.25-18.32.01:311][122]LogModuleManager: Shutting down and abandoning module InputCore (22)
[2017.01.25-18.32.01:311][122]LogModuleManager: Shutting down and abandoning module Settings (21)
[2017.01.25-18.32.01:311][122]LogModuleManager: Shutting down and abandoning module OnlineSubsystem (19)
[2017.01.25-18.32.01:311][122]LogModuleManager: Shutting down and abandoning module HTTP (18)
[2017.01.25-18.32.03:314][122]LogModuleManager: Shutting down and abandoning module XMPP (17)
[2017.01.25-18.32.03:315][122]LogModuleManager: Shutting down and abandoning module OculusRift (16)
[2017.01.25-18.32.03:315][122]LogModuleManager: Shutting down and abandoning module ExampleDeviceProfileSelector (15)
[2017.01.25-18.32.03:316][122]LogModuleManager: Shutting down and abandoning module TextureCompressor (14)
[2017.01.25-18.32.03:316][122]LogModuleManager: Shutting down and abandoning module ShaderCore (13)
[2017.01.25-18.32.03:316][122]LogModuleManager: Shutting down and abandoning module Landscape (12)
[2017.01.25-18.32.03:316][122]LogModuleManager: Shutting down and abandoning module SlateRHIRenderer (11)
[2017.01.25-18.32.03:317][122]LogModuleManager: Shutting down and abandoning module OpenGLDrv (10)
[2017.01.25-18.32.03:317][122]LogModuleManager: Shutting down and abandoning module D3D11RHI (9)
[2017.01.25-18.32.03:317][122]LogModuleManager: Shutting down and abandoning module AnimGraphRuntime (8)
[2017.01.25-18.32.03:318][122]LogModuleManager: Shutting down and abandoning module Renderer (7)
[2017.01.25-18.32.03:318][122]LogModuleManager: Shutting down and abandoning module Engine (6)
[2017.01.25-18.32.03:318][122]LogModuleManager: Shutting down and abandoning module CoreUObject (5)
[2017.01.25-18.32.03:318][122]LogModuleManager: Shutting down and abandoning module NetworkFile (4)
[2017.01.25-18.32.03:318][122]LogModuleManager: Shutting down and abandoning module StreamingFile (3)
[2017.01.25-18.32.03:318][122]LogModuleManager: Shutting down and abandoning module SandboxFile (2)
[2017.01.25-18.32.03:318][122]LogModuleManager: Shutting down and abandoning module PakFile (1)
[2017.01.25-18.32.03:320][122]LogExit: Exiting.
[2017.01.25-18.32.03:321][122]Log file closed, 01/25/17 14:32:03
